<?xml version="1.0" encoding="UTF-8" standalone="yes"?><!DOCTYPE report PUBLIC "-//JACOCO//DTD Report 1.1//EN" "report.dtd"><report name="ACE library"><sessioninfo id="fv-az1293-373-8046b46" start="1689666130523" dump="1689666291502"/><package name="se/sics/ace/coap/as"><class name="se/sics/ace/coap/as/DtlsAS" sourcefilename="DtlsAS.java"><method name="&lt;init&gt;" desc="(Ljava/lang/String;Lse/sics/ace/coap/as/CoapDBConnector;Lse/sics/ace/as/PDP;Lse/sics/ace/TimeProvider;LCOSE/OneKey;I)V" line="130"><counter type="INSTRUCTION" missed="16" covered="0"/><counter type="LINE" missed="2" covered="0"/><counter type="COMPLEXITY" missed="1" covered="0"/><counter type="METHOD" missed="1" covered="0"/></method><method name="&lt;init&gt;" desc="(Ljava/lang/String;Lse/sics/ace/coap/as/CoapDBConnector;Lse/sics/ace/as/PDP;Lse/sics/ace/TimeProvider;LCOSE/OneKey;)V" line="153"><counter type="INSTRUCTION" missed="0" covered="16"/><counter type="LINE" missed="0" covered="2"/><counter type="COMPLEXITY" missed="0" covered="1"/><counter type="METHOD" missed="0" covered="1"/></method><method name="&lt;init&gt;" desc="(Ljava/lang/String;Lse/sics/ace/coap/as/CoapDBConnector;Lse/sics/ace/as/PDP;Lse/sics/ace/TimeProvider;LCOSE/OneKey;Ljava/lang/String;Ljava/lang/String;Lse/sics/ace/as/TrlConfig;ILjava/util/Set;Z)V" line="89"><counter type="INSTRUCTION" missed="99" covered="260"/><counter type="BRANCH" missed="16" covered="10"/><counter type="LINE" missed="14" covered="48"/><counter type="COMPLEXITY" missed="13" covered="1"/><counter type="METHOD" missed="0" covered="1"/></method><method name="close" desc="()V" line="322"><counter type="INSTRUCTION" missed="10" covered="0"/><counter type="LINE" missed="4" covered="0"/><counter type="COMPLEXITY" missed="1" covered="0"/><counter type="METHOD" missed="1" covered="0"/></method><method name="&lt;clinit&gt;" desc="()V" line="83"><counter type="INSTRUCTION" missed="0" covered="5"/><counter type="LINE" missed="0" covered="2"/><counter type="COMPLEXITY" missed="0" covered="1"/><counter type="METHOD" missed="0" covered="1"/></method><counter type="INSTRUCTION" missed="125" covered="281"/><counter type="BRANCH" missed="16" covered="10"/><counter type="LINE" missed="20" covered="52"/><counter type="COMPLEXITY" missed="15" covered="3"/><counter type="METHOD" missed="2" covered="3"/><counter type="CLASS" missed="0" covered="1"/></class><class name="se/sics/ace/coap/as/AceObservableEndpoint" sourcefilename="AceObservableEndpoint.java"><method name="&lt;init&gt;" desc="(Ljava/lang/String;Lse/sics/ace/as/Trl;)V" line="77"><counter type="INSTRUCTION" missed="0" covered="17"/><counter type="LINE" missed="0" covered="6"/><counter type="COMPLEXITY" missed="0" covered="1"/><counter type="METHOD" missed="0" covered="1"/></method><method name="&lt;init&gt;" desc="(Lse/sics/ace/as/Trl;)V" line="90"><counter type="INSTRUCTION" missed="17" covered="0"/><counter type="LINE" missed="6" covered="0"/><counter type="COMPLEXITY" missed="1" covered="0"/><counter type="METHOD" missed="1" covered="0"/></method><method name="handleGET" desc="(Lorg/eclipse/californium/core/server/resources/CoapExchange;)V" line="101"><counter type="INSTRUCTION" missed="94" covered="0"/><counter type="BRANCH" missed="6" covered="0"/><counter type="LINE" missed="21" covered="0"/><counter type="COMPLEXITY" missed="4" covered="0"/><counter type="METHOD" missed="1" covered="0"/></method><method name="parseQueryParameters" desc="(Lorg/eclipse/californium/core/server/resources/CoapExchange;)Ljava/util/Map;" line="145"><counter type="INSTRUCTION" missed="45" covered="0"/><counter type="BRANCH" missed="6" covered="0"/><counter type="LINE" missed="11" covered="0"/><counter type="COMPLEXITY" missed="4" covered="0"/><counter type="METHOD" missed="1" covered="0"/></method><method name="close" desc="()V" line="167"><counter type="INSTRUCTION" missed="4" covered="0"/><counter type="LINE" missed="2" covered="0"/><counter type="COMPLEXITY" missed="1" covered="0"/><counter type="METHOD" missed="1" covered="0"/></method><method name="&lt;clinit&gt;" desc="()V" line="62"><counter type="INSTRUCTION" missed="0" covered="5"/><counter type="LINE" missed="0" covered="1"/><counter type="COMPLEXITY" missed="0" covered="1"/><counter type="METHOD" missed="0" covered="1"/></method><counter type="INSTRUCTION" missed="160" covered="22"/><counter type="BRANCH" missed="12" covered="0"/><counter type="LINE" missed="40" covered="7"/><counter type="COMPLEXITY" missed="10" covered="2"/><counter type="METHOD" missed="4" covered="2"/><counter type="CLASS" missed="0" covered="1"/></class><class name="se/sics/ace/coap/as/OscoreAceEndpoint" sourcefilename="OscoreAceEndpoint.java"><method name="&lt;init&gt;" desc="(Ljava/lang/String;Lse/sics/ace/Endpoint;)V" line="76"><counter type="INSTRUCTION" missed="0" covered="8"/><counter type="LINE" missed="0" covered="3"/><counter type="COMPLEXITY" missed="0" covered="1"/><counter type="METHOD" missed="0" covered="1"/></method><method name="&lt;init&gt;" desc="(Lse/sics/ace/as/Introspect;)V" line="86"><counter type="INSTRUCTION" missed="8" covered="0"/><counter type="LINE" missed="3" covered="0"/><counter type="COMPLEXITY" missed="1" covered="0"/><counter type="METHOD" missed="1" covered="0"/></method><method name="&lt;init&gt;" desc="(Lse/sics/ace/as/Token;)V" line="96"><counter type="INSTRUCTION" missed="8" covered="0"/><counter type="LINE" missed="3" covered="0"/><counter type="COMPLEXITY" missed="1" covered="0"/><counter type="METHOD" missed="1" covered="0"/></method><method name="handlePOST" desc="(Lorg/eclipse/californium/core/server/resources/CoapExchange;)V" line="110"><counter type="INSTRUCTION" missed="30" covered="60"/><counter type="BRANCH" missed="5" covered="3"/><counter type="LINE" missed="8" covered="13"/><counter type="COMPLEXITY" missed="4" covered="1"/><counter type="METHOD" missed="0" covered="1"/></method><method name="close" desc="()V" line="140"><counter type="INSTRUCTION" missed="4" covered="0"/><counter type="LINE" missed="2" covered="0"/><counter type="COMPLEXITY" missed="1" covered="0"/><counter type="METHOD" missed="1" covered="0"/></method><method name="&lt;clinit&gt;" desc="()V" line="62"><counter type="INSTRUCTION" missed="0" covered="5"/><counter type="LINE" missed="0" covered="1"/><counter type="COMPLEXITY" missed="0" covered="1"/><counter type="METHOD" missed="0" covered="1"/></method><counter type="INSTRUCTION" missed="50" covered="73"/><counter type="BRANCH" missed="5" covered="3"/><counter type="LINE" missed="16" covered="17"/><counter type="COMPLEXITY" missed="7" covered="3"/><counter type="METHOD" missed="3" covered="3"/><counter type="CLASS" missed="0" covered="1"/></class><class name="se/sics/ace/coap/as/OscoreAS$IdPair" sourcefilename="OscoreAS.java"><method name="&lt;init&gt;" desc="(Ljava/lang/String;)V" line="333"><counter type="INSTRUCTION" missed="8" covered="26"/><counter type="BRANCH" missed="1" covered="1"/><counter type="LINE" missed="1" covered="8"/><counter type="COMPLEXITY" missed="1" covered="1"/><counter type="METHOD" missed="0" covered="1"/></method><method name="getSenderId" desc="()[B" line="350"><counter type="INSTRUCTION" missed="0" covered="3"/><counter type="LINE" missed="0" covered="1"/><counter type="COMPLEXITY" missed="0" covered="1"/><counter type="METHOD" missed="0" covered="1"/></method><method name="getContextId" desc="()[B" line="354"><counter type="INSTRUCTION" missed="0" covered="3"/><counter type="LINE" missed="0" covered="1"/><counter type="COMPLEXITY" missed="0" covered="1"/><counter type="METHOD" missed="0" covered="1"/></method><counter type="INSTRUCTION" missed="8" covered="32"/><counter type="BRANCH" missed="1" covered="1"/><counter type="LINE" missed="1" covered="10"/><counter type="COMPLEXITY" missed="1" covered="3"/><counter type="METHOD" missed="0" covered="3"/><counter type="CLASS" missed="0" covered="1"/></class><class name="se/sics/ace/coap/as/CoapDtlsEndpoint" sourcefilename="CoapDtlsEndpoint.java"><method name="&lt;init&gt;" desc="(Ljava/lang/String;Lse/sics/ace/Endpoint;)V" line="76"><counter type="INSTRUCTION" missed="0" covered="7"/><counter type="LINE" missed="0" covered="3"/><counter type="COMPLEXITY" missed="0" covered="1"/><counter type="METHOD" missed="0" covered="1"/></method><method name="&lt;init&gt;" desc="(Lse/sics/ace/as/Introspect;)V" line="86"><counter type="INSTRUCTION" missed="7" covered="0"/><counter type="LINE" missed="3" covered="0"/><counter type="COMPLEXITY" missed="1" covered="0"/><counter type="METHOD" missed="1" covered="0"/></method><method name="&lt;init&gt;" desc="(Lse/sics/ace/as/Token;)V" line="96"><counter type="INSTRUCTION" missed="7" covered="0"/><counter type="LINE" missed="3" covered="0"/><counter type="COMPLEXITY" missed="1" covered="0"/><counter type="METHOD" missed="1" covered="0"/></method><method name="handlePOST" desc="(Lorg/eclipse/californium/core/server/resources/CoapExchange;)V" line="110"><counter type="INSTRUCTION" missed="30" covered="60"/><counter type="BRANCH" missed="5" covered="3"/><counter type="LINE" missed="8" covered="13"/><counter type="COMPLEXITY" missed="4" covered="1"/><counter type="METHOD" missed="0" covered="1"/></method><method name="close" desc="()V" line="140"><counter type="INSTRUCTION" missed="4" covered="0"/><counter type="LINE" missed="2" covered="0"/><counter type="COMPLEXITY" missed="1" covered="0"/><counter type="METHOD" missed="1" covered="0"/></method><method name="&lt;clinit&gt;" desc="()V" line="62"><counter type="INSTRUCTION" missed="0" covered="5"/><counter type="LINE" missed="0" covered="1"/><counter type="COMPLEXITY" missed="0" covered="1"/><counter type="METHOD" missed="0" covered="1"/></method><counter type="INSTRUCTION" missed="48" covered="72"/><counter type="BRANCH" missed="5" covered="3"/><counter type="LINE" missed="16" covered="17"/><counter type="COMPLEXITY" missed="7" covered="3"/><counter type="METHOD" missed="3" covered="3"/><counter type="CLASS" missed="0" covered="1"/></class><class name="se/sics/ace/coap/as/OscoreAS" sourcefilename="OscoreAS.java"><method name="&lt;init&gt;" desc="(Ljava/lang/String;Lse/sics/ace/coap/as/CoapDBConnector;Lse/sics/ace/as/PDP;Lse/sics/ace/TimeProvider;LCOSE/OneKey;ILjava/util/Map;Ljava/util/Map;Ljava/util/Map;)V" line="126"><counter type="INSTRUCTION" missed="21" covered="0"/><counter type="LINE" missed="2" covered="0"/><counter type="COMPLEXITY" missed="1" covered="0"/><counter type="METHOD" missed="1" covered="0"/></method><method name="&lt;init&gt;" desc="(Ljava/lang/String;Lse/sics/ace/coap/as/CoapDBConnector;Lse/sics/ace/as/PDP;Lse/sics/ace/TimeProvider;LCOSE/OneKey;Ljava/util/Map;Ljava/util/Map;Ljava/util/Map;)V" line="149"><counter type="INSTRUCTION" missed="21" covered="0"/><counter type="LINE" missed="2" covered="0"/><counter type="COMPLEXITY" missed="1" covered="0"/><counter type="METHOD" missed="1" covered="0"/></method><method name="&lt;init&gt;" desc="(Ljava/lang/String;Lse/sics/ace/coap/as/CoapDBConnector;Lse/sics/ace/as/PDP;Lse/sics/ace/TimeProvider;LCOSE/OneKey;Ljava/lang/String;Ljava/lang/String;Lse/sics/ace/as/TrlConfig;ILjava/util/Set;ZSZLjava/util/Map;Ljava/util/Map;Ljava/util/Map;)V" line="80"><counter type="INSTRUCTION" missed="30" covered="138"/><counter type="BRANCH" missed="4" covered="4"/><counter type="LINE" missed="3" covered="26"/><counter type="COMPLEXITY" missed="4" covered="1"/><counter type="METHOD" missed="0" covered="1"/></method><method name="loadOscoreCtx" desc="(Lse/sics/ace/coap/as/CoapDBConnector;Ljava/util/Map;Ljava/util/Map;)V" line="284"><counter type="INSTRUCTION" missed="1" covered="90"/><counter type="BRANCH" missed="3" covered="5"/><counter type="LINE" missed="1" covered="20"/><counter type="COMPLEXITY" missed="3" covered="2"/><counter type="METHOD" missed="0" covered="1"/></method><method name="close" desc="()V" line="323"><counter type="INSTRUCTION" missed="10" covered="0"/><counter type="LINE" missed="4" covered="0"/><counter type="COMPLEXITY" missed="1" covered="0"/><counter type="METHOD" missed="1" covered="0"/></method><method name="&lt;clinit&gt;" desc="()V" line="74"><counter type="INSTRUCTION" missed="0" covered="5"/><counter type="LINE" missed="0" covered="2"/><counter type="COMPLEXITY" missed="0" covered="1"/><counter type="METHOD" missed="0" covered="1"/></method><counter type="INSTRUCTION" missed="83" covered="233"/><counter type="BRANCH" missed="7" covered="9"/><counter type="LINE" missed="12" covered="48"/><counter type="COMPLEXITY" missed="10" covered="4"/><counter type="METHOD" missed="3" covered="3"/><counter type="CLASS" missed="0" covered="1"/></class><class name="se/sics/ace/coap/as/CoapDBConnector" sourcefilename="CoapDBConnector.java"><method name="&lt;init&gt;" desc="(Lse/sics/ace/examples/SQLDBAdapter;)V" line="85"><counter type="INSTRUCTION" missed="0" covered="4"/><counter type="LINE" missed="0" covered="2"/><counter type="COMPLEXITY" missed="0" covered="1"/><counter type="METHOD" missed="0" covered="1"/></method><method name="requestPskSecretResult" desc="(Lorg/eclipse/californium/scandium/dtls/ConnectionId;Lorg/eclipse/californium/scandium/util/ServerNames;Lorg/eclipse/californium/scandium/dtls/PskPublicInformation;Ljava/lang/String;Ljavax/crypto/SecretKey;[BZ)Lorg/eclipse/californium/scandium/dtls/PskSecretResult;" line="92"><counter type="INSTRUCTION" missed="0" covered="10"/><counter type="LINE" missed="0" covered="1"/><counter type="COMPLEXITY" missed="0" covered="1"/><counter type="METHOD" missed="0" covered="1"/></method><method name="getKey" desc="(Lorg/eclipse/californium/scandium/dtls/PskPublicInformation;)Ljavax/crypto/SecretKey;" line="96"><counter type="INSTRUCTION" missed="0" covered="5"/><counter type="LINE" missed="0" covered="1"/><counter type="COMPLEXITY" missed="0" covered="1"/><counter type="METHOD" missed="0" covered="1"/></method><method name="getKey" desc="(Ljava/lang/String;)Ljavax/crypto/SecretKey;" line="106"><counter type="INSTRUCTION" missed="20" covered="41"/><counter type="BRANCH" missed="4" covered="6"/><counter type="LINE" missed="9" covered="12"/><counter type="COMPLEXITY" missed="4" covered="2"/><counter type="METHOD" missed="0" covered="1"/></method><method name="getInstance" desc="(Lse/sics/ace/examples/SQLDBAdapter;)Lse/sics/ace/coap/as/CoapDBConnector;" line="147"><counter type="INSTRUCTION" missed="0" covered="9"/><counter type="BRANCH" missed="1" covered="1"/><counter type="LINE" missed="0" covered="3"/><counter type="COMPLEXITY" missed="1" covered="1"/><counter type="METHOD" missed="0" covered="1"/></method><method name="getIdentity" desc="(Ljava/net/InetSocketAddress;Lorg/eclipse/californium/scandium/util/ServerNames;)Lorg/eclipse/californium/scandium/dtls/PskPublicInformation;" line="156"><counter type="INSTRUCTION" missed="2" covered="0"/><counter type="LINE" missed="1" covered="0"/><counter type="COMPLEXITY" missed="1" covered="0"/><counter type="METHOD" missed="1" covered="0"/></method><method name="close" desc="()V" line="167"><counter type="INSTRUCTION" missed="0" covered="5"/><counter type="LINE" missed="0" covered="3"/><counter type="COMPLEXITY" missed="0" covered="1"/><counter type="METHOD" missed="0" covered="1"/></method><method name="hasEcdhePskSupported" desc="()Z" line="174"><counter type="INSTRUCTION" missed="0" covered="2"/><counter type="LINE" missed="0" covered="1"/><counter type="COMPLEXITY" missed="0" covered="1"/><counter type="METHOD" missed="0" covered="1"/></method><method name="setResultHandler" desc="(Lorg/eclipse/californium/scandium/dtls/HandshakeResultHandler;)V" line="181"><counter type="INSTRUCTION" missed="0" covered="1"/><counter type="LINE" missed="0" covered="1"/><counter type="COMPLEXITY" missed="0" covered="1"/><counter type="METHOD" missed="0" covered="1"/></method><method name="&lt;clinit&gt;" desc="()V" line="68"><counter type="INSTRUCTION" missed="0" covered="5"/><counter type="LINE" missed="0" covered="2"/><counter type="COMPLEXITY" missed="0" covered="1"/><counter type="METHOD" missed="0" covered="1"/></method><counter type="INSTRUCTION" missed="22" covered="82"/><counter type="BRANCH" missed="5" covered="7"/><counter type="LINE" missed="10" covered="26"/><counter type="COMPLEXITY" missed="6" covered="10"/><counter type="METHOD" missed="1" covered="9"/><counter type="CLASS" missed="0" covered="1"/></class><sourcefile name="CoapDBConnector.java"><line nr="68" mi="0" ci="2" mb="0" cb="0"/><line nr="69" mi="0" ci="3" mb="0" cb="0"/><line nr="85" mi="0" ci="3" mb="0" cb="0"/><line nr="86" mi="0" ci="1" mb="0" cb="0"/><line nr="92" mi="0" ci="10" mb="0" cb="0"/><line nr="96" mi="0" ci="5" mb="0" cb="0"/><line nr="106" mi="0" ci="2" mb="0" cb="0"/><line nr="108" mi="0" ci="4" mb="0" cb="0"/><line nr="109" mi="1" ci="0" mb="0" cb="0"/><line nr="110" mi="4" ci="0" mb="0" cb="0"/><line nr="111" mi="2" ci="0" mb="0" cb="0"/><line nr="112" mi="0" ci="1" mb="0" cb="0"/><line nr="113" mi="0" ci="2" mb="0" cb="2"/><line nr="115" mi="0" ci="4" mb="0" cb="0"/><line nr="116" mi="1" ci="0" mb="0" cb="0"/><line nr="117" mi="4" ci="0" mb="0" cb="0"/><line nr="118" mi="2" ci="0" mb="0" cb="0"/><line nr="119" mi="0" ci="1" mb="0" cb="0"/><line nr="121" mi="0" ci="2" mb="1" cb="1"/><line nr="122" mi="2" ci="0" mb="0" cb="0"/><line nr="124" mi="0" ci="4" mb="0" cb="0"/><line nr="125" mi="0" ci="4" mb="1" cb="1"/><line nr="126" mi="0" ci="4" mb="0" cb="0"/><line nr="127" mi="0" ci="6" mb="2" cb="2"/><line nr="128" mi="2" ci="0" mb="0" cb="0"/><line nr="130" mi="0" ci="7" mb="0" cb="0"/><line nr="132" mi="2" ci="0" mb="0" cb="0"/><line nr="147" mi="0" ci="2" mb="1" cb="1"/><line nr="148" mi="0" ci="5" mb="0" cb="0"/><line nr="151" mi="0" ci="2" mb="0" cb="0"/><line nr="156" mi="2" ci="0" mb="0" cb="0"/><line nr="167" mi="0" ci="2" mb="0" cb="0"/><line nr="168" mi="0" ci="2" mb="0" cb="0"/><line nr="169" mi="0" ci="1" mb="0" cb="0"/><line nr="174" mi="0" ci="2" mb="0" cb="0"/><line nr="181" mi="0" ci="1" mb="0" cb="0"/><counter type="INSTRUCTION" missed="22" covered="82"/><counter type="BRANCH" missed="5" covered="7"/><counter type="LINE" missed="10" covered="26"/><counter type="COMPLEXITY" missed="6" covered="10"/><counter type="METHOD" missed="1" covered="9"/><counter type="CLASS" missed="0" covered="1"/></sourcefile><sourcefile name="OscoreAS.java"><line nr="74" mi="0" ci="2" mb="0" cb="0"/><line nr="75" mi="0" ci="3" mb="0" cb="0"/><line nr="80" mi="0" ci="3" mb="0" cb="0"/><line nr="85" mi="0" ci="3" mb="0" cb="0"/><line nr="90" mi="0" ci="3" mb="0" cb="0"/><line nr="126" mi="20" ci="0" mb="0" cb="0"/><line nr="129" mi="1" ci="0" mb="0" cb="0"/><line nr="149" mi="20" ci="0" mb="0" cb="0"/><line nr="152" mi="1" ci="0" mb="0" cb="0"/><line nr="200" mi="0" ci="2" mb="0" cb="0"/><line nr="202" mi="0" ci="15" mb="0" cb="0"/><line nr="204" mi="0" ci="8" mb="0" cb="0"/><line nr="205" mi="0" ci="10" mb="0" cb="0"/><line nr="207" mi="0" ci="2" mb="1" cb="1"/><line nr="208" mi="0" ci="2" mb="1" cb="1"/><line nr="209" mi="11" ci="0" mb="0" cb="0"/><line nr="211" mi="0" ci="11" mb="0" cb="0"/><line nr="213" mi="0" ci="8" mb="0" cb="0"/><line nr="214" mi="0" ci="10" mb="0" cb="0"/><line nr="217" mi="0" ci="2" mb="1" cb="1"/><line nr="218" mi="0" ci="11" mb="0" cb="0"/><line nr="219" mi="0" ci="9" mb="0" cb="0"/><line nr="220" mi="0" ci="10" mb="0" cb="0"/><line nr="221" mi="0" ci="3" mb="1" cb="1"/><line nr="222" mi="14" ci="0" mb="0" cb="0"/><line nr="223" mi="5" ci="0" mb="0" cb="0"/><line nr="229" mi="0" ci="3" mb="0" cb="0"/><line nr="236" mi="0" ci="4" mb="0" cb="0"/><line nr="238" mi="0" ci="8" mb="0" cb="0"/><line nr="239" mi="0" ci="2" mb="0" cb="0"/><line nr="240" mi="0" ci="1" mb="0" cb="0"/><line nr="241" mi="0" ci="2" mb="0" cb="0"/><line nr="242" mi="0" ci="1" mb="0" cb="0"/><line nr="243" mi="0" ci="4" mb="0" cb="0"/><line nr="245" mi="0" ci="1" mb="0" cb="0"/><line nr="284" mi="0" ci="3" mb="0" cb="0"/><line nr="285" mi="0" ci="5" mb="0" cb="0"/><line nr="287" mi="0" ci="10" mb="0" cb="2"/><line nr="288" mi="0" ci="8" mb="0" cb="0"/><line nr="291" mi="0" ci="5" mb="0" cb="0"/><line nr="292" mi="0" ci="5" mb="0" cb="0"/><line nr="293" mi="0" ci="3" mb="1" cb="1"/><line nr="296" mi="0" ci="3" mb="0" cb="0"/><line nr="297" mi="0" ci="3" mb="0" cb="0"/><line nr="300" mi="0" ci="5" mb="0" cb="0"/><line nr="301" mi="0" ci="5" mb="0" cb="0"/><line nr="302" mi="0" ci="3" mb="1" cb="1"/><line nr="305" mi="0" ci="3" mb="0" cb="0"/><line nr="306" mi="0" ci="3" mb="0" cb="0"/><line nr="309" mi="0" ci="4" mb="1" cb="1"/><line nr="310" mi="1" ci="0" mb="0" cb="0"/><line nr="313" mi="0" ci="14" mb="0" cb="0"/><line nr="315" mi="0" ci="3" mb="0" cb="0"/><line nr="317" mi="0" ci="1" mb="0" cb="0"/><line nr="318" mi="0" ci="3" mb="0" cb="0"/><line nr="319" mi="0" ci="1" mb="0" cb="0"/><line nr="323" mi="3" ci="0" mb="0" cb="0"/><line nr="324" mi="3" ci="0" mb="0" cb="0"/><line nr="325" mi="3" ci="0" mb="0" cb="0"/><line nr="326" mi="1" ci="0" mb="0" cb="0"/><line nr="333" mi="0" ci="2" mb="0" cb="0"/><line nr="335" mi="0" ci="3" mb="0" cb="0"/><line nr="336" mi="0" ci="3" mb="0" cb="0"/><line nr="338" mi="0" ci="4" mb="0" cb="0"/><line nr="340" mi="0" ci="3" mb="1" cb="1"/><line nr="342" mi="8" ci="0" mb="0" cb="0"/><line nr="344" mi="0" ci="1" mb="0" cb="0"/><line nr="345" mi="0" ci="9" mb="0" cb="0"/><line nr="347" mi="0" ci="1" mb="0" cb="0"/><line nr="350" mi="0" ci="3" mb="0" cb="0"/><line nr="354" mi="0" ci="3" mb="0" cb="0"/><counter type="INSTRUCTION" missed="91" covered="265"/><counter type="BRANCH" missed="8" covered="10"/><counter type="LINE" missed="13" covered="58"/><counter type="COMPLEXITY" missed="11" covered="7"/><counter type="METHOD" missed="3" covered="6"/><counter type="CLASS" missed="0" covered="2"/></sourcefile><sourcefile name="DtlsAS.java"><line nr="83" mi="0" ci="2" mb="0" cb="0"/><line nr="84" mi="0" ci="3" mb="0" cb="0"/><line nr="89" mi="0" ci="3" mb="0" cb="0"/><line nr="94" mi="0" ci="3" mb="0" cb="0"/><line nr="99" mi="0" ci="3" mb="0" cb="0"/><line nr="130" mi="15" ci="0" mb="0" cb="0"/><line nr="133" mi="1" ci="0" mb="0" cb="0"/><line nr="153" mi="0" ci="15" mb="0" cb="0"/><line nr="156" mi="0" ci="1" mb="0" cb="0"/><line nr="196" mi="0" ci="2" mb="0" cb="0"/><line nr="198" mi="0" ci="13" mb="0" cb="0"/><line nr="200" mi="0" ci="8" mb="0" cb="0"/><line nr="201" mi="0" ci="10" mb="0" cb="0"/><line nr="203" mi="0" ci="2" mb="1" cb="1"/><line nr="204" mi="0" ci="2" mb="1" cb="1"/><line nr="205" mi="11" ci="0" mb="0" cb="0"/><line nr="207" mi="0" ci="11" mb="0" cb="0"/><line nr="209" mi="0" ci="8" mb="0" cb="0"/><line nr="210" mi="0" ci="10" mb="0" cb="0"/><line nr="213" mi="0" ci="2" mb="1" cb="1"/><line nr="214" mi="0" ci="11" mb="0" cb="0"/><line nr="215" mi="0" ci="9" mb="0" cb="0"/><line nr="216" mi="0" ci="10" mb="0" cb="0"/><line nr="217" mi="0" ci="3" mb="1" cb="1"/><line nr="218" mi="14" ci="0" mb="0" cb="0"/><line nr="219" mi="5" ci="0" mb="0" cb="0"/><line nr="225" mi="0" ci="3" mb="0" cb="0"/><line nr="231" mi="0" ci="4" mb="0" cb="0"/><line nr="233" mi="0" ci="2" mb="0" cb="0"/><line nr="234" mi="0" ci="6" mb="0" cb="0"/><line nr="235" mi="0" ci="5" mb="0" cb="0"/><line nr="237" mi="2" ci="7" mb="2" cb="2"/><line nr="238" mi="3" ci="0" mb="2" cb="0"/><line nr="239" mi="0" ci="3" mb="0" cb="0"/><line nr="240" mi="0" ci="14" mb="0" cb="0"/><line nr="241" mi="0" ci="1" mb="0" cb="0"/><line nr="243" mi="0" ci="5" mb="1" cb="1"/><line nr="244" mi="0" ci="5" mb="1" cb="1"/><line nr="245" mi="0" ci="11" mb="0" cb="0"/><line nr="246" mi="0" ci="10" mb="0" cb="0"/><line nr="247" mi="0" ci="1" mb="0" cb="0"/><line nr="250" mi="0" ci="5" mb="1" cb="1"/><line nr="251" mi="5" ci="0" mb="2" cb="0"/><line nr="252" mi="11" ci="0" mb="0" cb="0"/><line nr="253" mi="10" ci="0" mb="0" cb="0"/><line nr="254" mi="1" ci="0" mb="0" cb="0"/><line nr="256" mi="5" ci="0" mb="2" cb="0"/><line nr="257" mi="11" ci="0" mb="0" cb="0"/><line nr="258" mi="11" ci="0" mb="0" cb="0"/><line nr="259" mi="1" ci="0" mb="0" cb="0"/><line nr="263" mi="3" ci="0" mb="0" cb="0"/><line nr="264" mi="6" ci="0" mb="0" cb="0"/><line nr="271" mi="0" ci="8" mb="0" cb="0"/><line nr="272" mi="0" ci="2" mb="0" cb="0"/><line nr="274" mi="0" ci="4" mb="0" cb="0"/><line nr="275" mi="0" ci="4" mb="0" cb="0"/><line nr="276" mi="0" ci="4" mb="0" cb="0"/><line nr="277" mi="0" ci="9" mb="0" cb="0"/><line nr="279" mi="0" ci="4" mb="0" cb="0"/><line nr="281" mi="0" ci="4" mb="0" cb="0"/><line nr="282" mi="0" ci="2" mb="1" cb="1"/><line nr="283" mi="0" ci="6" mb="0" cb="0"/><line nr="284" mi="0" ci="4" mb="0" cb="0"/><line nr="286" mi="0" ci="6" mb="0" cb="0"/><line nr="288" mi="0" ci="6" mb="0" cb="0"/><line nr="289" mi="0" ci="2" mb="0" cb="0"/><line nr="290" mi="0" ci="2" mb="0" cb="0"/><line nr="295" mi="0" ci="1" mb="0" cb="0"/><line nr="322" mi="3" ci="0" mb="0" cb="0"/><line nr="323" mi="3" ci="0" mb="0" cb="0"/><line nr="324" mi="3" ci="0" mb="0" cb="0"/><line nr="325" mi="1" ci="0" mb="0" cb="0"/><counter type="INSTRUCTION" missed="125" covered="281"/><counter type="BRANCH" missed="16" covered="10"/><counter type="LINE" missed="20" covered="52"/><counter type="COMPLEXITY" missed="15" covered="3"/><counter type="METHOD" missed="2" covered="3"/><counter type="CLASS" missed="0" covered="1"/></sourcefile><sourcefile name="CoapDtlsEndpoint.java"><line nr="62" mi="0" ci="5" mb="0" cb="0"/><line nr="76" mi="0" ci="3" mb="0" cb="0"/><line nr="77" mi="0" ci="3" mb="0" cb="0"/><line nr="78" mi="0" ci="1" mb="0" cb="0"/><line nr="86" mi="3" ci="0" mb="0" cb="0"/><line nr="87" mi="3" ci="0" mb="0" cb="0"/><line nr="88" mi="1" ci="0" mb="0" cb="0"/><line nr="96" mi="3" ci="0" mb="0" cb="0"/><line nr="97" mi="3" ci="0" mb="0" cb="0"/><line nr="98" mi="1" ci="0" mb="0" cb="0"/><line nr="110" mi="0" ci="5" mb="1" cb="1"/><line nr="111" mi="0" ci="2" mb="0" cb="0"/><line nr="113" mi="0" ci="2" mb="0" cb="0"/><line nr="115" mi="0" ci="5" mb="0" cb="0"/><line nr="116" mi="1" ci="0" mb="0" cb="0"/><line nr="117" mi="4" ci="0" mb="0" cb="0"/><line nr="118" mi="3" ci="0" mb="0" cb="0"/><line nr="119" mi="0" ci="1" mb="0" cb="0"/><line nr="120" mi="2" ci="11" mb="1" cb="1"/><line nr="121" mi="0" ci="3" mb="0" cb="0"/><line nr="122" mi="0" ci="5" mb="0" cb="0"/><line nr="124" mi="0" ci="3" mb="1" cb="1"/><line nr="125" mi="0" ci="3" mb="0" cb="0"/><line nr="126" mi="0" ci="12" mb="0" cb="0"/><line nr="127" mi="0" ci="7" mb="0" cb="0"/><line nr="128" mi="0" ci="1" mb="0" cb="0"/><line nr="130" mi="2" ci="0" mb="2" cb="0"/><line nr="131" mi="1" ci="0" mb="0" cb="0"/><line nr="133" mi="13" ci="0" mb="0" cb="0"/><line nr="135" mi="3" ci="0" mb="0" cb="0"/><line nr="136" mi="1" ci="0" mb="0" cb="0"/><line nr="140" mi="3" ci="0" mb="0" cb="0"/><line nr="141" mi="1" ci="0" mb="0" cb="0"/><counter type="INSTRUCTION" missed="48" covered="72"/><counter type="BRANCH" missed="5" covered="3"/><counter type="LINE" missed="16" covered="17"/><counter type="COMPLEXITY" missed="7" covered="3"/><counter type="METHOD" missed="3" covered="3"/><counter type="CLASS" missed="0" covered="1"/></sourcefile><sourcefile name="AceObservableEndpoint.java"><line nr="62" mi="0" ci="5" mb="0" cb="0"/><line nr="77" mi="0" ci="4" mb="0" cb="0"/><line nr="78" mi="0" ci="3" mb="0" cb="0"/><line nr="79" mi="0" ci="3" mb="0" cb="0"/><line nr="80" mi="0" ci="3" mb="0" cb="0"/><line nr="81" mi="0" ci="3" mb="0" cb="0"/><line nr="82" mi="0" ci="1" mb="0" cb="0"/><line nr="90" mi="4" ci="0" mb="0" cb="0"/><line nr="91" mi="3" ci="0" mb="0" cb="0"/><line nr="92" mi="3" ci="0" mb="0" cb="0"/><line nr="93" mi="3" ci="0" mb="0" cb="0"/><line nr="94" mi="3" ci="0" mb="0" cb="0"/><line nr="95" mi="1" ci="0" mb="0" cb="0"/><line nr="101" mi="2" ci="0" mb="0" cb="0"/><line nr="103" mi="5" ci="0" mb="0" cb="0"/><line nr="104" mi="1" ci="0" mb="0" cb="0"/><line nr="105" mi="4" ci="0" mb="0" cb="0"/><line nr="106" mi="3" ci="0" mb="0" cb="0"/><line nr="107" mi="1" ci="0" mb="0" cb="0"/><line nr="108" mi="13" ci="0" mb="2" cb="0"/><line nr="109" mi="3" ci="0" mb="0" cb="0"/><line nr="112" mi="6" ci="0" mb="0" cb="0"/><line nr="113" mi="6" ci="0" mb="0" cb="0"/><line nr="115" mi="5" ci="0" mb="0" cb="0"/><line nr="116" mi="3" ci="0" mb="2" cb="0"/><line nr="117" mi="3" ci="0" mb="0" cb="0"/><line nr="118" mi="11" ci="0" mb="0" cb="0"/><line nr="123" mi="7" ci="0" mb="0" cb="0"/><line nr="125" mi="1" ci="0" mb="0" cb="0"/><line nr="127" mi="2" ci="0" mb="2" cb="0"/><line nr="128" mi="1" ci="0" mb="0" cb="0"/><line nr="130" mi="13" ci="0" mb="0" cb="0"/><line nr="132" mi="3" ci="0" mb="0" cb="0"/><line nr="134" mi="1" ci="0" mb="0" cb="0"/><line nr="145" mi="4" ci="0" mb="0" cb="0"/><line nr="147" mi="4" ci="0" mb="0" cb="0"/><line nr="148" mi="2" ci="0" mb="2" cb="0"/><line nr="149" mi="7" ci="0" mb="0" cb="0"/><line nr="152" mi="4" ci="0" mb="0" cb="0"/><line nr="153" mi="2" ci="0" mb="2" cb="0"/><line nr="154" mi="7" ci="0" mb="0" cb="0"/><line nr="157" mi="4" ci="0" mb="0" cb="0"/><line nr="158" mi="2" ci="0" mb="2" cb="0"/><line nr="159" mi="7" ci="0" mb="0" cb="0"/><line nr="162" mi="2" ci="0" mb="0" cb="0"/><line nr="167" mi="3" ci="0" mb="0" cb="0"/><line nr="168" mi="1" ci="0" mb="0" cb="0"/><counter type="INSTRUCTION" missed="160" covered="22"/><counter type="BRANCH" missed="12" covered="0"/><counter type="LINE" missed="40" covered="7"/><counter type="COMPLEXITY" missed="10" covered="2"/><counter type="METHOD" missed="4" covered="2"/><counter type="CLASS" missed="0" covered="1"/></sourcefile><sourcefile name="OscoreAceEndpoint.java"><line nr="62" mi="0" ci="5" mb="0" cb="0"/><line nr="76" mi="0" ci="4" mb="0" cb="0"/><line nr="77" mi="0" ci="3" mb="0" cb="0"/><line nr="78" mi="0" ci="1" mb="0" cb="0"/><line nr="86" mi="4" ci="0" mb="0" cb="0"/><line nr="87" mi="3" ci="0" mb="0" cb="0"/><line nr="88" mi="1" ci="0" mb="0" cb="0"/><line nr="96" mi="4" ci="0" mb="0" cb="0"/><line nr="97" mi="3" ci="0" mb="0" cb="0"/><line nr="98" mi="1" ci="0" mb="0" cb="0"/><line nr="110" mi="0" ci="5" mb="1" cb="1"/><line nr="111" mi="0" ci="2" mb="0" cb="0"/><line nr="113" mi="0" ci="2" mb="0" cb="0"/><line nr="115" mi="0" ci="5" mb="0" cb="0"/><line nr="116" mi="1" ci="0" mb="0" cb="0"/><line nr="117" mi="4" ci="0" mb="0" cb="0"/><line nr="118" mi="3" ci="0" mb="0" cb="0"/><line nr="119" mi="0" ci="1" mb="0" cb="0"/><line nr="120" mi="2" ci="11" mb="1" cb="1"/><line nr="121" mi="0" ci="3" mb="0" cb="0"/><line nr="123" mi="0" ci="5" mb="0" cb="0"/><line nr="124" mi="0" ci="3" mb="1" cb="1"/><line nr="125" mi="0" ci="3" mb="0" cb="0"/><line nr="126" mi="0" ci="12" mb="0" cb="0"/><line nr="127" mi="0" ci="7" mb="0" cb="0"/><line nr="128" mi="0" ci="1" mb="0" cb="0"/><line nr="130" mi="2" ci="0" mb="2" cb="0"/><line nr="131" mi="1" ci="0" mb="0" cb="0"/><line nr="133" mi="13" ci="0" mb="0" cb="0"/><line nr="135" mi="3" ci="0" mb="0" cb="0"/><line nr="136" mi="1" ci="0" mb="0" cb="0"/><line nr="140" mi="3" ci="0" mb="0" cb="0"/><line nr="141" mi="1" ci="0" mb="0" cb="0"/><counter type="INSTRUCTION" missed="50" covered="73"/><counter type="BRANCH" missed="5" covered="3"/><counter type="LINE" missed="16" covered="17"/><counter type="COMPLEXITY" missed="7" covered="3"/><counter type="METHOD" missed="3" covered="3"/><counter type="CLASS" missed="0" covered="1"/></sourcefile><counter type="INSTRUCTION" missed="496" covered="795"/><counter type="BRANCH" missed="51" covered="33"/><counter type="LINE" missed="115" covered="177"/><counter type="COMPLEXITY" missed="56" covered="28"/><counter type="METHOD" missed="16" covered="26"/><counter type="CLASS" missed="0" covered="7"/></package><package name="se/sics/ace/cwt"><class name="se/sics/ace/cwt/CwtCryptoCtx" sourcefilename="CwtCryptoCtx.java"><method name="&lt;init&gt;" desc="(LCOSE/MessageTag;[BLcom/upokecenter/cbor/CBORObject;)V" line="67"><counter type="INSTRUCTION" missed="0" covered="30"/><counter type="LINE" missed="0" covered="11"/><counter type="COMPLEXITY" missed="0" covered="1"/><counter type="METHOD" missed="0" covered="1"/></method><method name="&lt;init&gt;" desc="(LCOSE/MessageTag;LCOSE/OneKey;LCOSE/OneKey;Lcom/upokecenter/cbor/CBORObject;)V" line="67"><counter type="INSTRUCTION" missed="0" covered="33"/><counter type="LINE" missed="0" covered="12"/><counter type="COMPLEXITY" missed="0" covered="1"/><counter type="METHOD" missed="0" covered="1"/></method><method name="&lt;init&gt;" desc="(LCOSE/MessageTag;Ljava/util/List;Lcom/upokecenter/cbor/CBORObject;)V" line="67"><counter type="INSTRUCTION" missed="0" covered="37"/><counter type="LINE" missed="0" covered="12"/><counter type="COMPLEXITY" missed="0" covered="1"/><counter type="METHOD" missed="0" covered="1"/></method><method name="&lt;init&gt;" desc="(LCOSE/MessageTag;Ljava/util/List;Lcom/upokecenter/cbor/CBORObject;Z)V" line="67"><counter type="INSTRUCTION" missed="0" covered="39"/><counter type="BRANCH" missed="1" covered="1"/><counter type="LINE" missed="0" covered="13"/><counter type="COMPLEXITY" missed="1" covered="1"/><counter type="METHOD" missed="0" covered="1"/></method><method name="encrypt" desc="(Ljava/util/List;Lcom/upokecenter/cbor/CBORObject;)Lse/sics/ace/cwt/CwtCryptoCtx;" line="121"><counter type="INSTRUCTION" missed="0" covered="7"/><counter type="LINE" missed="0" covered="1"/><counter type="COMPLEXITY" missed="0" covered="1"/><counter type="METHOD" missed="0" covered="1"/></method><method name="encrypt0" desc="([BLcom/upokecenter/cbor/CBORObject;)Lse/sics/ace/cwt/CwtCryptoCtx;" line="133"><counter type="INSTRUCTION" missed="0" covered="7"/><counter type="LINE" missed="0" covered="1"/><counter type="COMPLEXITY" missed="0" covered="1"/><counter type="METHOD" missed="0" covered="1"/></method><method name="mac" desc="(Ljava/util/List;Lcom/upokecenter/cbor/CBORObject;)Lse/sics/ace/cwt/CwtCryptoCtx;" line="144"><counter type="INSTRUCTION" missed="0" covered="7"/><counter type="LINE" missed="0" covered="1"/><counter type="COMPLEXITY" missed="0" covered="1"/><counter type="METHOD" missed="0" covered="1"/></method><method name="mac0" desc="([BLcom/upokecenter/cbor/CBORObject;)Lse/sics/ace/cwt/CwtCryptoCtx;" line="156"><counter type="INSTRUCTION" missed="0" covered="7"/><counter type="LINE" missed="0" covered="1"/><counter type="COMPLEXITY" missed="0" covered="1"/><counter type="METHOD" missed="0" covered="1"/></method><method name="signCreate" desc="(Ljava/util/List;Lcom/upokecenter/cbor/CBORObject;)Lse/sics/ace/cwt/CwtCryptoCtx;" line="167"><counter type="INSTRUCTION" missed="0" covered="8"/><counter type="LINE" missed="0" covered="1"/><counter type="COMPLEXITY" missed="0" covered="1"/><counter type="METHOD" missed="0" covered="1"/></method><method name="signVerify" desc="(LCOSE/OneKey;Lcom/upokecenter/cbor/CBORObject;)Lse/sics/ace/cwt/CwtCryptoCtx;" line="179"><counter type="INSTRUCTION" missed="0" covered="8"/><counter type="LINE" missed="0" covered="1"/><counter type="COMPLEXITY" missed="0" covered="1"/><counter type="METHOD" missed="0" covered="1"/></method><method name="sign1Verify" desc="(LCOSE/OneKey;Lcom/upokecenter/cbor/CBORObject;)Lse/sics/ace/cwt/CwtCryptoCtx;" line="191"><counter type="INSTRUCTION" missed="0" covered="8"/><counter type="LINE" missed="0" covered="1"/><counter type="COMPLEXITY" missed="0" covered="1"/><counter type="METHOD" missed="0" covered="1"/></method><method name="sign1Create" desc="(LCOSE/OneKey;Lcom/upokecenter/cbor/CBORObject;)Lse/sics/ace/cwt/CwtCryptoCtx;" line="203"><counter type="INSTRUCTION" missed="0" covered="8"/><counter type="LINE" missed="0" covered="1"/><counter type="COMPLEXITY" missed="0" covered="1"/><counter type="METHOD" missed="0" covered="1"/></method><method name="getSigners" desc="()Ljava/util/List;" line="210"><counter type="INSTRUCTION" missed="0" covered="3"/><counter type="LINE" missed="0" covered="1"/><counter type="COMPLEXITY" missed="0" covered="1"/><counter type="METHOD" missed="0" covered="1"/></method><method name="getPrivateKey" desc="()LCOSE/OneKey;" line="217"><counter type="INSTRUCTION" missed="0" covered="3"/><counter type="LINE" missed="0" covered="1"/><counter type="COMPLEXITY" missed="0" covered="1"/><counter type="METHOD" missed="0" covered="1"/></method><method name="getAlg" desc="()Lcom/upokecenter/cbor/CBORObject;" line="224"><counter type="INSTRUCTION" missed="0" covered="3"/><counter type="LINE" missed="0" covered="1"/><counter type="COMPLEXITY" missed="0" covered="1"/><counter type="METHOD" missed="0" covered="1"/></method><method name="getKey" desc="()[B" line="231"><counter type="INSTRUCTION" missed="0" covered="3"/><counter type="LINE" missed="0" covered="1"/><counter type="COMPLEXITY" missed="0" covered="1"/><counter type="METHOD" missed="0" covered="1"/></method><method name="getRecipients" desc="()Ljava/util/List;" line="238"><counter type="INSTRUCTION" missed="0" covered="3"/><counter type="LINE" missed="0" covered="1"/><counter type="COMPLEXITY" missed="0" covered="1"/><counter type="METHOD" missed="0" covered="1"/></method><method name="getPublicKey" desc="()LCOSE/OneKey;" line="245"><counter type="INSTRUCTION" missed="0" covered="3"/><counter type="LINE" missed="0" covered="1"/><counter type="COMPLEXITY" missed="0" covered="1"/><counter type="METHOD" missed="0" covered="1"/></method><method name="getMessageType" desc="()LCOSE/MessageTag;" line="252"><counter type="INSTRUCTION" missed="0" covered="3"/><counter type="LINE" missed="0" covered="1"/><counter type="COMPLEXITY" missed="0" covered="1"/><counter type="METHOD" missed="0" covered="1"/></method><method name="&lt;clinit&gt;" desc="()V" line="58"><counter type="INSTRUCTION" missed="0" covered="6"/><counter type="LINE" missed="0" covered="2"/><counter type="COMPLEXITY" missed="0" covered="1"/><counter type="METHOD" missed="0" covered="1"/></method><counter type="INSTRUCTION" missed="0" covered="226"/><counter type="BRANCH" missed="1" covered="1"/><counter type="LINE" missed="0" covered="47"/><counter type="COMPLEXITY" missed="1" covered="20"/><counter type="METHOD" missed="0" covered="20"/><counter type="CLASS" missed="0" covered="1"/></class><class name="se/sics/ace/cwt/CWT" sourcefilename="CWT.java"><method name="&lt;init&gt;" desc="(Ljava/util/Map;)V" line="83"><counter type="INSTRUCTION" missed="0" covered="9"/><counter type="LINE" missed="0" covered="3"/><counter type="COMPLEXITY" missed="0" covered="1"/><counter type="METHOD" missed="0" covered="1"/></method><method name="processCOSE" desc="([BLse/sics/ace/cwt/CwtCryptoCtx;)Lse/sics/ace/cwt/CWT;" line="100"><counter type="INSTRUCTION" missed="46" covered="275"/><counter type="BRANCH" missed="23" covered="27"/><counter type="LINE" missed="12" covered="66"/><counter type="COMPLEXITY" missed="20" covered="6"/><counter type="METHOD" missed="0" covered="1"/></method><method name="processDecrypt" desc="(LCOSE/EncryptMessage;LCOSE/Recipient;)[B" line="202"><counter type="INSTRUCTION" missed="5" covered="4"/><counter type="LINE" missed="3" covered="1"/><counter type="COMPLEXITY" missed="0" covered="1"/><counter type="METHOD" missed="0" covered="1"/></method><method name="encode" desc="()Lcom/upokecenter/cbor/CBORObject;" line="216"><counter type="INSTRUCTION" missed="0" covered="4"/><counter type="LINE" missed="0" covered="1"/><counter type="COMPLEXITY" missed="0" covered="1"/><counter type="METHOD" missed="0" covered="1"/></method><method name="encode" desc="(Lse/sics/ace/cwt/CwtCryptoCtx;Ljava/util/Map;Ljava/util/Map;)Lcom/upokecenter/cbor/CBORObject;" line="236"><counter type="INSTRUCTION" missed="19" covered="224"/><counter type="BRANCH" missed="1" covered="12"/><counter type="LINE" missed="5" covered="55"/><counter type="COMPLEXITY" missed="1" covered="9"/><counter type="METHOD" missed="0" covered="1"/></method><method name="addHeaders" desc="(LCOSE/Message;Ljava/util/Map;Z)V" line="338"><counter type="INSTRUCTION" missed="2" covered="28"/><counter type="BRANCH" missed="1" covered="5"/><counter type="LINE" missed="0" covered="6"/><counter type="COMPLEXITY" missed="1" covered="3"/><counter type="METHOD" missed="0" covered="1"/></method><method name="encode" desc="(Lse/sics/ace/cwt/CwtCryptoCtx;)Lcom/upokecenter/cbor/CBORObject;" line="360"><counter type="INSTRUCTION" missed="0" covered="6"/><counter type="LINE" missed="0" covered="1"/><counter type="COMPLEXITY" missed="0" covered="1"/><counter type="METHOD" missed="0" covered="1"/></method><method name="getClaim" desc="(Ljava/lang/Short;)Lcom/upokecenter/cbor/CBORObject;" line="372"><counter type="INSTRUCTION" missed="0" covered="6"/><counter type="LINE" missed="0" covered="1"/><counter type="COMPLEXITY" missed="0" covered="1"/><counter type="METHOD" missed="0" covered="1"/></method><method name="getClaimKeys" desc="()Ljava/util/Set;" line="379"><counter type="INSTRUCTION" missed="0" covered="4"/><counter type="LINE" missed="0" covered="1"/><counter type="COMPLEXITY" missed="0" covered="1"/><counter type="METHOD" missed="0" covered="1"/></method><method name="getClaims" desc="()Ljava/util/Map;" line="386"><counter type="INSTRUCTION" missed="0" covered="6"/><counter type="LINE" missed="0" covered="1"/><counter type="COMPLEXITY" missed="0" covered="1"/><counter type="METHOD" missed="0" covered="1"/></method><method name="isValid" desc="(J)Z" line="399"><counter type="INSTRUCTION" missed="0" covered="36"/><counter type="BRANCH" missed="2" covered="6"/><counter type="LINE" missed="0" covered="7"/><counter type="COMPLEXITY" missed="2" covered="3"/><counter type="METHOD" missed="0" covered="1"/></method><method name="expired" desc="(J)Z" line="420"><counter type="INSTRUCTION" missed="0" covered="19"/><counter type="BRANCH" missed="1" covered="3"/><counter type="LINE" missed="0" covered="4"/><counter type="COMPLEXITY" missed="1" covered="2"/><counter type="METHOD" missed="0" covered="1"/></method><method name="toString" desc="()Ljava/lang/String;" line="430"><counter type="INSTRUCTION" missed="4" covered="0"/><counter type="LINE" missed="1" covered="0"/><counter type="COMPLEXITY" missed="1" covered="0"/><counter type="METHOD" missed="1" covered="0"/></method><method name="getCti" desc="()Ljava/lang/String;" line="435"><counter type="INSTRUCTION" missed="5" covered="14"/><counter type="BRANCH" missed="1" covered="1"/><counter type="LINE" missed="1" covered="3"/><counter type="COMPLEXITY" missed="1" covered="1"/><counter type="METHOD" missed="0" covered="1"/></method><method name="&lt;clinit&gt;" desc="()V" line="72"><counter type="INSTRUCTION" missed="0" covered="6"/><counter type="LINE" missed="0" covered="2"/><counter type="COMPLEXITY" missed="0" covered="1"/><counter type="METHOD" missed="0" covered="1"/></method><counter type="INSTRUCTION" missed="81" covered="641"/><counter type="BRANCH" missed="29" covered="54"/><counter type="LINE" missed="22" covered="152"/><counter type="COMPLEXITY" missed="27" covered="32"/><counter type="METHOD" missed="1" covered="14"/><counter type="CLASS" missed="0" covered="1"/></class><sourcefile name="CWT.java"><line nr="72" mi="0" ci="5" mb="0" cb="0"/><line nr="74" mi="0" ci="1" mb="0" cb="0"/><line nr="83" mi="0" ci="2" mb="0" cb="0"/><line nr="84" mi="0" ci="6" mb="0" cb="0"/><line nr="85" mi="0" ci="1" mb="0" cb="0"/><line nr="100" mi="0" ci="3" mb="0" cb="0"/><line nr="101" mi="0" ci="4" mb="1" cb="1"/><line nr="102" mi="3" ci="0" mb="0" cb="0"/><line nr="104" mi="0" ci="4" mb="0" cb="0"/><line nr="106" mi="0" ci="3" mb="0" cb="2"/><line nr="107" mi="0" ci="3" mb="0" cb="0"/><line nr="109" mi="0" ci="5" mb="0" cb="0"/><line nr="110" mi="0" ci="1" mb="0" cb="0"/><line nr="111" mi="0" ci="11" mb="1" cb="1"/><line nr="112" mi="0" ci="4" mb="0" cb="0"/><line nr="113" mi="4" ci="2" mb="3" cb="1"/><line nr="114" mi="0" ci="4" mb="0" cb="0"/><line nr="115" mi="0" ci="4" mb="1" cb="1"/><line nr="116" mi="0" ci="6" mb="0" cb="0"/><line nr="117" mi="0" ci="1" mb="0" cb="0"/><line nr="118" mi="0" ci="1" mb="0" cb="0"/><line nr="121" mi="1" ci="0" mb="0" cb="0"/><line nr="122" mi="5" ci="0" mb="0" cb="0"/><line nr="124" mi="0" ci="3" mb="0" cb="2"/><line nr="125" mi="0" ci="3" mb="0" cb="0"/><line nr="126" mi="0" ci="5" mb="1" cb="1"/><line nr="127" mi="0" ci="6" mb="0" cb="0"/><line nr="128" mi="0" ci="2" mb="0" cb="0"/><line nr="131" mi="1" ci="3" mb="0" cb="2"/><line nr="132" mi="0" ci="3" mb="0" cb="0"/><line nr="133" mi="0" ci="11" mb="1" cb="1"/><line nr="134" mi="0" ci="4" mb="0" cb="0"/><line nr="135" mi="0" ci="4" mb="0" cb="0"/><line nr="136" mi="0" ci="2" mb="0" cb="0"/><line nr="137" mi="0" ci="6" mb="0" cb="0"/><line nr="138" mi="0" ci="8" mb="0" cb="0"/><line nr="139" mi="0" ci="2" mb="0" cb="0"/><line nr="140" mi="0" ci="11" mb="1" cb="1"/><line nr="141" mi="5" ci="2" mb="3" cb="1"/><line nr="142" mi="1" ci="0" mb="0" cb="0"/><line nr="143" mi="0" ci="6" mb="1" cb="1"/><line nr="144" mi="0" ci="5" mb="0" cb="0"/><line nr="145" mi="0" ci="3" mb="0" cb="0"/><line nr="146" mi="0" ci="4" mb="1" cb="1"/><line nr="147" mi="0" ci="6" mb="0" cb="0"/><line nr="148" mi="0" ci="1" mb="0" cb="0"/><line nr="149" mi="0" ci="1" mb="0" cb="0"/><line nr="153" mi="1" ci="0" mb="0" cb="0"/><line nr="154" mi="1" ci="0" mb="0" cb="0"/><line nr="155" mi="5" ci="0" mb="0" cb="0"/><line nr="157" mi="0" ci="3" mb="0" cb="2"/><line nr="158" mi="0" ci="3" mb="0" cb="0"/><line nr="159" mi="0" ci="5" mb="1" cb="1"/><line nr="160" mi="0" ci="6" mb="0" cb="0"/><line nr="161" mi="0" ci="2" mb="0" cb="0"/><line nr="164" mi="1" ci="3" mb="0" cb="2"/><line nr="165" mi="0" ci="3" mb="0" cb="0"/><line nr="166" mi="0" ci="11" mb="1" cb="1"/><line nr="167" mi="0" ci="4" mb="0" cb="0"/><line nr="168" mi="0" ci="4" mb="0" cb="0"/><line nr="169" mi="0" ci="2" mb="0" cb="0"/><line nr="170" mi="0" ci="6" mb="0" cb="0"/><line nr="171" mi="0" ci="8" mb="0" cb="0"/><line nr="172" mi="0" ci="2" mb="0" cb="0"/><line nr="173" mi="0" ci="11" mb="1" cb="1"/><line nr="174" mi="5" ci="2" mb="3" cb="1"/><line nr="175" mi="1" ci="0" mb="0" cb="0"/><line nr="176" mi="0" ci="6" mb="1" cb="1"/><line nr="177" mi="0" ci="5" mb="0" cb="0"/><line nr="178" mi="0" ci="3" mb="0" cb="0"/><line nr="179" mi="0" ci="4" mb="0" cb="0"/><line nr="180" mi="0" ci="2" mb="1" cb="1"/><line nr="181" mi="0" ci="6" mb="0" cb="0"/><line nr="182" mi="0" ci="1" mb="0" cb="0"/><line nr="187" mi="1" ci="0" mb="0" cb="0"/><line nr="188" mi="1" ci="0" mb="0" cb="0"/><line nr="189" mi="5" ci="0" mb="0" cb="0"/><line nr="191" mi="0" ci="3" mb="1" cb="1"/><line nr="192" mi="0" ci="3" mb="0" cb="0"/><line nr="193" mi="0" ci="7" mb="0" cb="0"/><line nr="194" mi="0" ci="2" mb="0" cb="0"/><line nr="195" mi="0" ci="1" mb="0" cb="0"/><line nr="197" mi="5" ci="0" mb="0" cb="0"/><line nr="202" mi="0" ci="4" mb="0" cb="0"/><line nr="203" mi="1" ci="0" mb="0" cb="0"/><line nr="204" mi="2" ci="0" mb="0" cb="0"/><line nr="205" mi="2" ci="0" mb="0" cb="0"/><line nr="216" mi="0" ci="4" mb="0" cb="0"/><line nr="236" mi="0" ci="3" mb="0" cb="0"/><line nr="237" mi="0" ci="6" mb="1" cb="6"/><line nr="240" mi="0" ci="4" mb="0" cb="0"/><line nr="241" mi="0" ci="6" mb="0" cb="0"/><line nr="243" mi="0" ci="4" mb="0" cb="0"/><line nr="244" mi="0" ci="4" mb="0" cb="0"/><line nr="245" mi="0" ci="4" mb="0" cb="0"/><line nr="246" mi="0" ci="4" mb="0" cb="0"/><line nr="247" mi="0" ci="3" mb="0" cb="0"/><line nr="250" mi="0" ci="4" mb="0" cb="0"/><line nr="251" mi="0" ci="6" mb="0" cb="0"/><line nr="253" mi="0" ci="4" mb="0" cb="0"/><line nr="254" mi="0" ci="4" mb="0" cb="0"/><line nr="255" mi="0" ci="4" mb="0" cb="0"/><line nr="256" mi="0" ci="11" mb="0" cb="2"/><line nr="257" mi="0" ci="3" mb="0" cb="0"/><line nr="258" mi="0" ci="1" mb="0" cb="0"/><line nr="260" mi="0" ci="2" mb="0" cb="0"/><line nr="261" mi="1" ci="0" mb="0" cb="0"/><line nr="264" mi="6" ci="0" mb="0" cb="0"/><line nr="265" mi="0" ci="1" mb="0" cb="0"/><line nr="266" mi="0" ci="3" mb="0" cb="0"/><line nr="269" mi="0" ci="4" mb="0" cb="0"/><line nr="270" mi="0" ci="6" mb="0" cb="0"/><line nr="272" mi="0" ci="4" mb="0" cb="0"/><line nr="273" mi="0" ci="4" mb="0" cb="0"/><line nr="274" mi="0" ci="4" mb="0" cb="0"/><line nr="275" mi="0" ci="4" mb="0" cb="0"/><line nr="276" mi="0" ci="3" mb="0" cb="0"/><line nr="279" mi="0" ci="4" mb="0" cb="0"/><line nr="280" mi="0" ci="6" mb="0" cb="0"/><line nr="282" mi="0" ci="4" mb="0" cb="0"/><line nr="283" mi="0" ci="4" mb="0" cb="0"/><line nr="284" mi="0" ci="4" mb="0" cb="0"/><line nr="285" mi="0" ci="11" mb="0" cb="2"/><line nr="286" mi="0" ci="3" mb="0" cb="0"/><line nr="287" mi="0" ci="1" mb="0" cb="0"/><line nr="288" mi="0" ci="2" mb="0" cb="0"/><line nr="289" mi="0" ci="3" mb="0" cb="0"/><line nr="292" mi="0" ci="4" mb="0" cb="0"/><line nr="293" mi="0" ci="6" mb="0" cb="0"/><line nr="295" mi="0" ci="4" mb="0" cb="0"/><line nr="296" mi="0" ci="4" mb="0" cb="0"/><line nr="297" mi="0" ci="4" mb="0" cb="0"/><line nr="298" mi="0" ci="11" mb="0" cb="2"/><line nr="299" mi="0" ci="3" mb="0" cb="0"/><line nr="300" mi="0" ci="1" mb="0" cb="0"/><line nr="302" mi="0" ci="2" mb="0" cb="0"/><line nr="303" mi="1" ci="0" mb="0" cb="0"/><line nr="306" mi="6" ci="0" mb="0" cb="0"/><line nr="307" mi="0" ci="1" mb="0" cb="0"/><line nr="308" mi="0" ci="3" mb="0" cb="0"/><line nr="311" mi="0" ci="4" mb="0" cb="0"/><line nr="312" mi="0" ci="6" mb="0" cb="0"/><line nr="314" mi="0" ci="4" mb="0" cb="0"/><line nr="315" mi="0" ci="4" mb="0" cb="0"/><line nr="316" mi="0" ci="4" mb="0" cb="0"/><line nr="317" mi="0" ci="4" mb="0" cb="0"/><line nr="318" mi="0" ci="3" mb="0" cb="0"/><line nr="321" mi="5" ci="0" mb="0" cb="0"/><line nr="338" mi="0" ci="2" mb="0" cb="2"/><line nr="339" mi="0" ci="1" mb="0" cb="0"/><line nr="341" mi="0" ci="11" mb="0" cb="2"/><line nr="342" mi="2" ci="12" mb="1" cb="1"/><line nr="344" mi="0" ci="1" mb="0" cb="0"/><line nr="345" mi="0" ci="1" mb="0" cb="0"/><line nr="360" mi="0" ci="6" mb="0" cb="0"/><line nr="372" mi="0" ci="6" mb="0" cb="0"/><line nr="379" mi="0" ci="4" mb="0" cb="0"/><line nr="386" mi="0" ci="6" mb="0" cb="0"/><line nr="399" mi="0" ci="7" mb="0" cb="0"/><line nr="400" mi="0" ci="8" mb="1" cb="3"/><line nr="401" mi="0" ci="2" mb="0" cb="0"/><line nr="403" mi="0" ci="7" mb="0" cb="0"/><line nr="404" mi="0" ci="8" mb="1" cb="3"/><line nr="406" mi="0" ci="2" mb="0" cb="0"/><line nr="408" mi="0" ci="2" mb="0" cb="0"/><line nr="420" mi="0" ci="7" mb="0" cb="0"/><line nr="421" mi="0" ci="8" mb="1" cb="3"/><line nr="423" mi="0" ci="2" mb="0" cb="0"/><line nr="425" mi="0" ci="2" mb="0" cb="0"/><line nr="430" mi="4" ci="0" mb="0" cb="0"/><line nr="435" mi="0" ci="7" mb="0" cb="0"/><line nr="436" mi="0" ci="2" mb="1" cb="1"/><line nr="437" mi="5" ci="0" mb="0" cb="0"/><line nr="439" mi="0" ci="5" mb="0" cb="0"/><counter type="INSTRUCTION" missed="81" covered="641"/><counter type="BRANCH" missed="29" covered="54"/><counter type="LINE" missed="22" covered="152"/><counter type="COMPLEXITY" missed="27" covered="32"/><counter type="METHOD" missed="1" covered="14"/><counter type="CLASS" missed="0" covered="1"/></sourcefile><sourcefile name="CwtCryptoCtx.java"><line nr="58" mi="0" ci="5" mb="0" cb="0"/><line nr="60" mi="0" ci="1" mb="0" cb="0"/><line nr="67" mi="0" ci="12" mb="0" cb="0"/><line nr="69" mi="0" ci="12" mb="0" cb="0"/><line nr="71" mi="0" ci="12" mb="0" cb="0"/><line nr="73" mi="0" ci="12" mb="0" cb="0"/><line nr="75" mi="0" ci="12" mb="0" cb="0"/><line nr="77" mi="0" ci="12" mb="0" cb="0"/><line nr="79" mi="0" ci="2" mb="0" cb="0"/><line nr="80" mi="0" ci="3" mb="0" cb="0"/><line nr="81" mi="0" ci="3" mb="0" cb="0"/><line nr="82" mi="0" ci="3" mb="0" cb="0"/><line nr="83" mi="0" ci="1" mb="0" cb="0"/><line nr="86" mi="0" ci="2" mb="0" cb="0"/><line nr="87" mi="0" ci="3" mb="0" cb="0"/><line nr="88" mi="0" ci="3" mb="0" cb="0"/><line nr="89" mi="0" ci="3" mb="0" cb="0"/><line nr="90" mi="0" ci="3" mb="0" cb="0"/><line nr="91" mi="0" ci="1" mb="0" cb="0"/><line nr="94" mi="0" ci="2" mb="0" cb="0"/><line nr="95" mi="0" ci="3" mb="0" cb="0"/><line nr="96" mi="0" ci="5" mb="0" cb="0"/><line nr="97" mi="0" ci="5" mb="0" cb="0"/><line nr="98" mi="0" ci="3" mb="0" cb="0"/><line nr="99" mi="0" ci="1" mb="0" cb="0"/><line nr="103" mi="0" ci="2" mb="0" cb="0"/><line nr="104" mi="0" ci="3" mb="0" cb="0"/><line nr="105" mi="0" ci="5" mb="0" cb="0"/><line nr="106" mi="0" ci="5" mb="0" cb="0"/><line nr="107" mi="0" ci="3" mb="0" cb="0"/><line nr="108" mi="0" ci="2" mb="1" cb="1"/><line nr="111" mi="0" ci="1" mb="0" cb="0"/><line nr="121" mi="0" ci="7" mb="0" cb="0"/><line nr="133" mi="0" ci="7" mb="0" cb="0"/><line nr="144" mi="0" ci="7" mb="0" cb="0"/><line nr="156" mi="0" ci="7" mb="0" cb="0"/><line nr="167" mi="0" ci="8" mb="0" cb="0"/><line nr="179" mi="0" ci="8" mb="0" cb="0"/><line nr="191" mi="0" ci="8" mb="0" cb="0"/><line nr="203" mi="0" ci="8" mb="0" cb="0"/><line nr="210" mi="0" ci="3" mb="0" cb="0"/><line nr="217" mi="0" ci="3" mb="0" cb="0"/><line nr="224" mi="0" ci="3" mb="0" cb="0"/><line nr="231" mi="0" ci="3" mb="0" cb="0"/><line nr="238" mi="0" ci="3" mb="0" cb="0"/><line nr="245" mi="0" ci="3" mb="0" cb="0"/><line nr="252" mi="0" ci="3" mb="0" cb="0"/><counter type="INSTRUCTION" missed="0" covered="226"/><counter type="BRANCH" missed="1" covered="1"/><counter type="LINE" missed="0" covered="47"/><counter type="COMPLEXITY" missed="1" covered="20"/><counter type="METHOD" missed="0" covered="20"/><counter type="CLASS" missed="0" covered="1"/></sourcefile><counter type="INSTRUCTION" missed="81" covered="867"/><counter type="BRANCH" missed="30" covered="55"/><counter type="LINE" missed="22" covered="199"/><counter type="COMPLEXITY" missed="28" covered="52"/><counter type="METHOD" missed="1" covered="34"/><counter type="CLASS" missed="0" covered="2"/></package><package name="se/sics/ace"><class name="se/sics/ace/GroupcommParameters" sourcefilename="GroupcommParameters.java"><method name="&lt;init&gt;" desc="()V" line="44"><counter type="INSTRUCTION" missed="3" covered="0"/><counter type="LINE" missed="1" covered="0"/><counter type="COMPLEXITY" missed="1" covered="0"/><counter type="METHOD" missed="1" covered="0"/></method><method name="getValidGroupOSCORERoleCombinations" desc="()Ljava/util/Set;" line="98"><counter type="INSTRUCTION" missed="0" covered="26"/><counter type="LINE" missed="0" covered="6"/><counter type="COMPLEXITY" missed="0" covered="1"/><counter type="METHOD" missed="0" covered="1"/></method><method name="&lt;clinit&gt;" desc="()V" line="89"><counter type="INSTRUCTION" missed="0" covered="24"/><counter type="LINE" missed="0" covered="1"/><counter type="COMPLEXITY" missed="0" covered="1"/><counter type="METHOD" missed="0" covered="1"/></method><counter type="INSTRUCTION" missed="3" covered="50"/><counter type="LINE" missed="1" covered="7"/><counter type="COMPLEXITY" missed="1" covered="2"/><counter type="METHOD" missed="1" covered="2"/><counter type="CLASS" missed="0" covered="1"/></class><class name="se/sics/ace/Util" sourcefilename="Util.java"><method name="&lt;init&gt;" desc="()V" line="25"><counter type="INSTRUCTION" missed="3" covered="0"/><counter type="LINE" missed="1" covered="0"/><counter type="COMPLEXITY" missed="1" covered="0"/><counter type="METHOD" missed="1" covered="0"/></method><method name="intToBytes" desc="(I)[B" line="34"><counter type="INSTRUCTION" missed="0" covered="4"/><counter type="LINE" missed="0" covered="1"/><counter type="COMPLEXITY" missed="0" covered="1"/><counter type="METHOD" missed="0" covered="1"/></method><method name="intToBytes" desc="(II)[B" line="47"><counter type="INSTRUCTION" missed="97" covered="45"/><counter type="BRANCH" missed="10" covered="8"/><counter type="LINE" missed="11" covered="8"/><counter type="COMPLEXITY" missed="7" covered="3"/><counter type="METHOD" missed="0" covered="1"/></method><method name="bytesToInt" desc="([B)I" line="113"><counter type="INSTRUCTION" missed="2" covered="35"/><counter type="BRANCH" missed="1" covered="3"/><counter type="LINE" missed="1" covered="5"/><counter type="COMPLEXITY" missed="1" covered="2"/><counter type="METHOD" missed="0" covered="1"/></method><method name="buildDtlsPskIdentity" desc="([B)[B" line="142"><counter type="INSTRUCTION" missed="0" covered="34"/><counter type="LINE" missed="0" covered="8"/><counter type="COMPLEXITY" missed="0" covered="1"/><counter type="METHOD" missed="0" covered="1"/></method><method name="computeSignature" desc="(ILjava/security/PrivateKey;[B)[B" line="167"><counter type="INSTRUCTION" missed="70" covered="36"/><counter type="BRANCH" missed="4" covered="4"/><counter type="LINE" missed="17" covered="14"/><counter type="COMPLEXITY" missed="4" covered="1"/><counter type="METHOD" missed="0" covered="1"/></method><method name="verifySignature" desc="(ILjava/security/PublicKey;[B[B)Z" line="229"><counter type="INSTRUCTION" missed="70" covered="35"/><counter type="BRANCH" missed="3" covered="3"/><counter type="LINE" missed="17" covered="13"/><counter type="COMPLEXITY" missed="3" covered="1"/><counter type="METHOD" missed="0" covered="1"/></method><method name="addGroupOSCORERole" desc="(IS)I" line="288"><counter type="INSTRUCTION" missed="5" covered="13"/><counter type="BRANCH" missed="1" covered="1"/><counter type="LINE" missed="0" covered="4"/><counter type="COMPLEXITY" missed="1" covered="1"/><counter type="METHOD" missed="0" covered="1"/></method><method name="removeGroupOSCORERole" desc="(IS)I" line="308"><counter type="INSTRUCTION" missed="20" covered="0"/><counter type="BRANCH" missed="2" covered="0"/><counter type="LINE" missed="4" covered="0"/><counter type="COMPLEXITY" missed="2" covered="0"/><counter type="METHOD" missed="1" covered="0"/></method><method name="checkGroupOSCORERole" desc="(IS)Z" line="328"><counter type="INSTRUCTION" missed="18" covered="0"/><counter type="BRANCH" missed="4" covered="0"/><counter type="LINE" missed="2" covered="0"/><counter type="COMPLEXITY" missed="3" covered="0"/><counter type="METHOD" missed="1" covered="0"/></method><method name="getGroupOSCORERoles" desc="(I)Ljava/util/Set;" line="344"><counter type="INSTRUCTION" missed="5" covered="30"/><counter type="BRANCH" missed="1" covered="5"/><counter type="LINE" missed="0" covered="9"/><counter type="COMPLEXITY" missed="1" covered="3"/><counter type="METHOD" missed="0" covered="1"/></method><method name="getGroupOSCORERolesFromToken" desc="(Ljava/lang/String;Ljava/lang/String;)[I" line="371"><counter type="INSTRUCTION" missed="12" covered="147"/><counter type="BRANCH" missed="14" covered="20"/><counter type="LINE" missed="10" covered="34"/><counter type="COMPLEXITY" missed="14" covered="4"/><counter type="METHOD" missed="0" covered="1"/></method><method name="oneKeyToCCS" desc="(LCOSE/OneKey;Ljava/lang/String;)[B" line="491"><counter type="INSTRUCTION" missed="171" covered="0"/><counter type="BRANCH" missed="22" covered="0"/><counter type="LINE" missed="33" covered="0"/><counter type="COMPLEXITY" missed="12" covered="0"/><counter type="METHOD" missed="1" covered="0"/></method><method name="ccsToOneKey" desc="(Lcom/upokecenter/cbor/CBORObject;)LCOSE/OneKey;" line="549"><counter type="INSTRUCTION" missed="18" covered="30"/><counter type="BRANCH" missed="3" covered="3"/><counter type="LINE" missed="5" covered="7"/><counter type="COMPLEXITY" missed="3" covered="1"/><counter type="METHOD" missed="0" covered="1"/></method><method name="computeTokenHash" desc="(Lcom/upokecenter/cbor/CBORObject;)Ljava/lang/String;" line="582"><counter type="INSTRUCTION" missed="5" covered="34"/><counter type="BRANCH" missed="1" covered="1"/><counter type="LINE" missed="1" covered="8"/><counter type="COMPLEXITY" missed="1" covered="1"/><counter type="METHOD" missed="0" covered="1"/></method><method name="byteArrayToHexString" desc="([B)Ljava/lang/String;" line="606"><counter type="INSTRUCTION" missed="47" covered="0"/><counter type="BRANCH" missed="4" covered="0"/><counter type="LINE" missed="6" covered="0"/><counter type="COMPLEXITY" missed="3" covered="0"/><counter type="METHOD" missed="1" covered="0"/></method><method name="hexString2byteArray" desc="(Ljava/lang/String;)[B" line="626"><counter type="INSTRUCTION" missed="0" covered="38"/><counter type="BRANCH" missed="0" covered="2"/><counter type="LINE" missed="0" covered="6"/><counter type="COMPLEXITY" missed="0" covered="2"/><counter type="METHOD" missed="0" covered="1"/></method><method name="buildRpkData" desc="(ILjava/lang/String;Ljava/lang/String;Ljava/lang/String;)Lcom/upokecenter/cbor/CBORObject;" line="646"><counter type="INSTRUCTION" missed="41" covered="63"/><counter type="BRANCH" missed="5" covered="3"/><counter type="LINE" missed="8" covered="14"/><counter type="COMPLEXITY" missed="4" covered="1"/><counter type="METHOD" missed="0" covered="1"/></method><method name="getJavaVersion" desc="()I" line="682"><counter type="INSTRUCTION" missed="28" covered="0"/><counter type="BRANCH" missed="4" covered="0"/><counter type="LINE" missed="7" covered="0"/><counter type="COMPLEXITY" missed="3" covered="0"/><counter type="METHOD" missed="1" covered="0"/></method><counter type="INSTRUCTION" missed="612" covered="544"/><counter type="BRANCH" missed="79" covered="53"/><counter type="LINE" missed="123" covered="131"/><counter type="COMPLEXITY" missed="63" covered="22"/><counter type="METHOD" missed="6" covered="13"/><counter type="CLASS" missed="0" covered="1"/></class><class name="se/sics/ace/Endpoint" sourcefilename="Endpoint.java"/><class name="se/sics/ace/ReferenceToken" sourcefilename="ReferenceToken.java"><method name="&lt;init&gt;" desc="(I)V" line="72"><counter type="INSTRUCTION" missed="0" covered="19"/><counter type="LINE" missed="0" covered="5"/><counter type="COMPLEXITY" missed="0" covered="1"/><counter type="METHOD" missed="0" covered="1"/></method><method name="&lt;init&gt;" desc="()V" line="82"><counter type="INSTRUCTION" missed="19" covered="0"/><counter type="LINE" missed="5" covered="0"/><counter type="COMPLEXITY" missed="1" covered="0"/><counter type="METHOD" missed="1" covered="0"/></method><method name="&lt;init&gt;" desc="([B)V" line="93"><counter type="INSTRUCTION" missed="0" covered="12"/><counter type="LINE" missed="0" covered="4"/><counter type="COMPLEXITY" missed="0" covered="1"/><counter type="METHOD" missed="0" covered="1"/></method><method name="addIntrospectionHandler" desc="(Lse/sics/ace/rs/IntrospectionHandler;)V" line="106"><counter type="INSTRUCTION" missed="4" covered="0"/><counter type="LINE" missed="2" covered="0"/><counter type="COMPLEXITY" missed="1" covered="0"/><counter type="METHOD" missed="1" covered="0"/></method><method name="expired" desc="(J)Z" line="111"><counter type="INSTRUCTION" missed="64" covered="0"/><counter type="BRANCH" missed="8" covered="0"/><counter type="LINE" missed="14" covered="0"/><counter type="COMPLEXITY" missed="5" covered="0"/><counter type="METHOD" missed="1" covered="0"/></method><method name="isValid" desc="(J)Z" line="134"><counter type="INSTRUCTION" missed="80" covered="0"/><counter type="BRANCH" missed="12" covered="0"/><counter type="LINE" missed="17" covered="0"/><counter type="COMPLEXITY" missed="7" covered="0"/><counter type="METHOD" missed="1" covered="0"/></method><method name="encode" desc="()Lcom/upokecenter/cbor/CBORObject;" line="162"><counter type="INSTRUCTION" missed="0" covered="4"/><counter type="LINE" missed="0" covered="1"/><counter type="COMPLEXITY" missed="0" covered="1"/><counter type="METHOD" missed="0" covered="1"/></method><method name="parse" desc="(Lcom/upokecenter/cbor/CBORObject;)Lse/sics/ace/ReferenceToken;" line="172"><counter type="INSTRUCTION" missed="2" covered="11"/><counter type="BRANCH" missed="1" covered="1"/><counter type="LINE" missed="1" covered="2"/><counter type="COMPLEXITY" missed="1" covered="1"/><counter type="METHOD" missed="0" covered="1"/></method><method name="getCti" desc="()Ljava/lang/String;" line="180"><counter type="INSTRUCTION" missed="0" covered="3"/><counter type="LINE" missed="0" covered="1"/><counter type="COMPLEXITY" missed="0" covered="1"/><counter type="METHOD" missed="0" covered="1"/></method><counter type="INSTRUCTION" missed="169" covered="49"/><counter type="BRANCH" missed="21" covered="1"/><counter type="LINE" missed="39" covered="13"/><counter type="COMPLEXITY" missed="15" covered="5"/><counter type="METHOD" missed="4" covered="5"/><counter type="CLASS" missed="0" covered="1"/></class><class name="se/sics/ace/TimeProvider" sourcefilename="TimeProvider.java"/><class name="se/sics/ace/Constants" sourcefilename="Constants.java"><method name="&lt;init&gt;" desc="()V" line="51"><counter type="INSTRUCTION" missed="3" covered="0"/><counter type="LINE" missed="1" covered="0"/><counter type="COMPLEXITY" missed="1" covered="0"/><counter type="METHOD" missed="1" covered="0"/></method><method name="getIdx" desc="([Ljava/lang/String;Ljava/lang/String;)S" line="561"><counter type="INSTRUCTION" missed="28" covered="0"/><counter type="BRANCH" missed="8" covered="0"/><counter type="LINE" missed="6" covered="0"/><counter type="COMPLEXITY" missed="5" covered="0"/><counter type="METHOD" missed="1" covered="0"/></method><method name="getParams" desc="(Lcom/upokecenter/cbor/CBORObject;)Ljava/util/Map;" line="582"><counter type="INSTRUCTION" missed="18" covered="38"/><counter type="BRANCH" missed="2" covered="4"/><counter type="LINE" missed="3" covered="7"/><counter type="COMPLEXITY" missed="2" covered="2"/><counter type="METHOD" missed="0" covered="1"/></method><method name="getCBOR" desc="(Ljava/util/Map;)Lcom/upokecenter/cbor/CBORObject;" line="603"><counter type="INSTRUCTION" missed="0" covered="23"/><counter type="BRANCH" missed="0" covered="2"/><counter type="LINE" missed="0" covered="5"/><counter type="COMPLEXITY" missed="0" covered="2"/><counter type="METHOD" missed="0" covered="1"/></method><method name="getProfileAbbrev" desc="(Ljava/lang/String;)S" line="675"><counter type="INSTRUCTION" missed="2" covered="12"/><counter type="BRANCH" missed="1" covered="3"/><counter type="LINE" missed="1" covered="4"/><counter type="COMPLEXITY" missed="1" covered="2"/><counter type="METHOD" missed="0" covered="1"/></method><method name="unabbreviate" desc="(Lcom/upokecenter/cbor/CBORObject;S)Ljava/util/Map;" line="808"><counter type="INSTRUCTION" missed="127" covered="0"/><counter type="BRANCH" missed="26" covered="0"/><counter type="LINE" missed="31" covered="0"/><counter type="COMPLEXITY" missed="15" covered="0"/><counter type="METHOD" missed="1" covered="0"/></method><method name="&lt;clinit&gt;" desc="()V" line="56"><counter type="INSTRUCTION" missed="0" covered="421"/><counter type="LINE" missed="0" covered="100"/><counter type="COMPLEXITY" missed="0" covered="1"/><counter type="METHOD" missed="0" covered="1"/></method><counter type="INSTRUCTION" missed="178" covered="494"/><counter type="BRANCH" missed="37" covered="9"/><counter type="LINE" missed="42" covered="116"/><counter type="COMPLEXITY" missed="24" covered="7"/><counter type="METHOD" missed="3" covered="4"/><counter type="CLASS" missed="0" covered="1"/></class><class name="se/sics/ace/Hkdf" sourcefilename="Hkdf.java"><method name="&lt;init&gt;" desc="()V" line="12"><counter type="INSTRUCTION" missed="3" covered="0"/><counter type="LINE" missed="1" covered="0"/><counter type="COMPLEXITY" missed="1" covered="0"/><counter type="METHOD" missed="1" covered="0"/></method><method name="extractExpand" desc="([B[B[BI)[B" line="32"><counter type="INSTRUCTION" missed="1" covered="93"/><counter type="BRANCH" missed="1" covered="3"/><counter type="LINE" missed="0" covered="21"/><counter type="COMPLEXITY" missed="1" covered="2"/><counter type="METHOD" missed="0" covered="1"/></method><method name="getHashLen" desc="()I" line="66"><counter type="INSTRUCTION" missed="0" covered="2"/><counter type="LINE" missed="0" covered="1"/><counter type="COMPLEXITY" missed="0" covered="1"/><counter type="METHOD" missed="0" covered="1"/></method><method name="main" desc="([Ljava/lang/String;)V" line="72"><counter type="INSTRUCTION" missed="385" covered="0"/><counter type="LINE" missed="9" covered="0"/><counter type="COMPLEXITY" missed="1" covered="0"/><counter type="METHOD" missed="1" covered="0"/></method><counter type="INSTRUCTION" missed="389" covered="95"/><counter type="BRANCH" missed="1" covered="3"/><counter type="LINE" missed="10" covered="22"/><counter type="COMPLEXITY" missed="3" covered="3"/><counter type="METHOD" missed="2" covered="2"/><counter type="CLASS" missed="0" covered="1"/></class><class name="se/sics/ace/TrlStore" sourcefilename="TrlStore.java"/><class name="se/sics/ace/AceException" sourcefilename="AceException.java"><method name="&lt;init&gt;" desc="(Ljava/lang/String;)V" line="53"><counter type="INSTRUCTION" missed="0" covered="4"/><counter type="LINE" missed="0" covered="2"/><counter type="COMPLEXITY" missed="0" covered="1"/><counter type="METHOD" missed="0" covered="1"/></method><counter type="INSTRUCTION" missed="0" covered="4"/><counter type="LINE" missed="0" covered="2"/><counter type="COMPLEXITY" missed="0" covered="1"/><counter type="METHOD" missed="0" covered="1"/><counter type="CLASS" missed="0" covered="1"/></class><class name="se/sics/ace/GroupcommErrors" sourcefilename="GroupcommErrors.java"><method name="&lt;init&gt;" desc="()V" line="41"><counter type="INSTRUCTION" missed="3" covered="0"/><counter type="LINE" missed="1" covered="0"/><counter type="COMPLEXITY" missed="1" covered="0"/><counter type="METHOD" missed="1" covered="0"/></method><counter type="INSTRUCTION" missed="3" covered="0"/><counter type="LINE" missed="1" covered="0"/><counter type="COMPLEXITY" missed="1" covered="0"/><counter type="METHOD" missed="1" covered="0"/><counter type="CLASS" missed="1" covered="0"/></class><class name="se/sics/ace/COSEparams" sourcefilename="COSEparams.java"><method name="&lt;init&gt;" desc="(LCOSE/MessageTag;LCOSE/AlgorithmID;LCOSE/AlgorithmID;)V" line="72"><counter type="INSTRUCTION" missed="0" covered="12"/><counter type="LINE" missed="0" covered="5"/><counter type="COMPLEXITY" missed="0" covered="1"/><counter type="METHOD" missed="0" covered="1"/></method><method name="getTag" desc="()LCOSE/MessageTag;" line="82"><counter type="INSTRUCTION" missed="0" covered="3"/><counter type="LINE" missed="0" covered="1"/><counter type="COMPLEXITY" missed="0" covered="1"/><counter type="METHOD" missed="0" covered="1"/></method><method name="getAlg" desc="()LCOSE/AlgorithmID;" line="89"><counter type="INSTRUCTION" missed="0" covered="3"/><counter type="LINE" missed="0" covered="1"/><counter type="COMPLEXITY" missed="0" covered="1"/><counter type="METHOD" missed="0" covered="1"/></method><method name="getKeyWrap" desc="()LCOSE/AlgorithmID;" line="97"><counter type="INSTRUCTION" missed="3" covered="0"/><counter type="LINE" missed="1" covered="0"/><counter type="COMPLEXITY" missed="1" covered="0"/><counter type="METHOD" missed="1" covered="0"/></method><method name="toString" desc="()Ljava/lang/String;" line="102"><counter type="INSTRUCTION" missed="0" covered="27"/><counter type="LINE" missed="0" covered="2"/><counter type="COMPLEXITY" missed="0" covered="1"/><counter type="METHOD" missed="0" covered="1"/></method><method name="parse" desc="(Ljava/lang/String;)Lse/sics/ace/COSEparams;" line="116"><counter type="INSTRUCTION" missed="5" covered="30"/><counter type="BRANCH" missed="1" covered="1"/><counter type="LINE" missed="1" covered="8"/><counter type="COMPLEXITY" missed="1" covered="1"/><counter type="METHOD" missed="0" covered="1"/></method><method name="equals" desc="(Ljava/lang/Object;)Z" line="132"><counter type="INSTRUCTION" missed="35" covered="0"/><counter type="BRANCH" missed="8" covered="0"/><counter type="LINE" missed="10" covered="0"/><counter type="COMPLEXITY" missed="5" covered="0"/><counter type="METHOD" missed="1" covered="0"/></method><method name="hashCode" desc="()I" line="150"><counter type="INSTRUCTION" missed="0" covered="18"/><counter type="LINE" missed="0" covered="2"/><counter type="COMPLEXITY" missed="0" covered="1"/><counter type="METHOD" missed="0" covered="1"/></method><counter type="INSTRUCTION" missed="43" covered="93"/><counter type="BRANCH" missed="9" covered="1"/><counter type="LINE" missed="12" covered="19"/><counter type="COMPLEXITY" missed="7" covered="6"/><counter type="METHOD" missed="2" covered="6"/><counter type="CLASS" missed="0" covered="1"/></class><class name="se/sics/ace/AccessToken" sourcefilename="AccessToken.java"/><class name="se/sics/ace/Message" sourcefilename="Message.java"><method name="&lt;clinit&gt;" desc="()V" line="55"><counter type="INSTRUCTION" missed="0" covered="34"/><counter type="LINE" missed="0" covered="11"/><counter type="COMPLEXITY" missed="0" covered="1"/><counter type="METHOD" missed="0" covered="1"/></method><counter type="INSTRUCTION" missed="0" covered="34"/><counter type="LINE" missed="0" covered="11"/><counter type="COMPLEXITY" missed="0" covered="1"/><counter type="METHOD" missed="0" covered="1"/><counter type="CLASS" missed="0" covered="1"/></class><class name="se/sics/ace/GroupcommPolicies" sourcefilename="GroupcommPolicies.java"><method name="&lt;init&gt;" desc="()V" line="41"><counter type="INSTRUCTION" missed="3" covered="0"/><counter type="LINE" missed="1" covered="0"/><counter type="COMPLEXITY" missed="1" covered="0"/><counter type="METHOD" missed="1" covered="0"/></method><counter type="INSTRUCTION" missed="3" covered="0"/><counter type="LINE" missed="1" covered="0"/><counter type="COMPLEXITY" missed="1" covered="0"/><counter type="METHOD" missed="1" covered="0"/><counter type="CLASS" missed="1" covered="0"/></class><sourcefile name="Constants.java"><line nr="51" mi="3" ci="0" mb="0" cb="0"/><line nr="56" mi="0" ci="3" mb="0" cb="0"/><line nr="136" mi="0" ci="39" mb="0" cb="0"/><line nr="447" mi="0" ci="1" mb="0" cb="0"/><line nr="448" mi="0" ci="2" mb="0" cb="0"/><line nr="453" mi="0" ci="3" mb="0" cb="0"/><line nr="458" mi="0" ci="3" mb="0" cb="0"/><line nr="463" mi="0" ci="3" mb="0" cb="0"/><line nr="468" mi="0" ci="3" mb="0" cb="0"/><line nr="473" mi="0" ci="3" mb="0" cb="0"/><line nr="478" mi="0" ci="3" mb="0" cb="0"/><line nr="483" mi="0" ci="3" mb="0" cb="0"/><line nr="488" mi="0" ci="3" mb="0" cb="0"/><line nr="493" mi="0" ci="3" mb="0" cb="0"/><line nr="499" mi="0" ci="1" mb="0" cb="0"/><line nr="500" mi="0" ci="4" mb="0" cb="0"/><line nr="506" mi="0" ci="1" mb="0" cb="0"/><line nr="507" mi="0" ci="4" mb="0" cb="0"/><line nr="512" mi="0" ci="19" mb="0" cb="0"/><line nr="528" mi="0" ci="1" mb="0" cb="0"/><line nr="529" mi="0" ci="2" mb="0" cb="0"/><line nr="539" mi="0" ci="1" mb="0" cb="0"/><line nr="540" mi="0" ci="2" mb="0" cb="0"/><line nr="550" mi="0" ci="1" mb="0" cb="0"/><line nr="551" mi="0" ci="2" mb="0" cb="0"/><line nr="561" mi="4" ci="0" mb="4" cb="0"/><line nr="562" mi="2" ci="0" mb="0" cb="0"/><line nr="564" mi="12" ci="0" mb="2" cb="0"/><line nr="565" mi="6" ci="0" mb="2" cb="0"/><line nr="566" mi="2" ci="0" mb="0" cb="0"/><line nr="569" mi="2" ci="0" mb="0" cb="0"/><line nr="582" mi="0" ci="5" mb="1" cb="1"/><line nr="583" mi="5" ci="0" mb="0" cb="0"/><line nr="585" mi="0" ci="4" mb="0" cb="0"/><line nr="586" mi="0" ci="11" mb="0" cb="2"/><line nr="587" mi="0" ci="5" mb="1" cb="1"/><line nr="588" mi="8" ci="0" mb="0" cb="0"/><line nr="589" mi="5" ci="0" mb="0" cb="0"/><line nr="591" mi="0" ci="10" mb="0" cb="0"/><line nr="592" mi="0" ci="1" mb="0" cb="0"/><line nr="593" mi="0" ci="2" mb="0" cb="0"/><line nr="603" mi="0" ci="2" mb="0" cb="0"/><line nr="604" mi="0" ci="11" mb="0" cb="2"/><line nr="605" mi="0" ci="7" mb="0" cb="0"/><line nr="606" mi="0" ci="1" mb="0" cb="0"/><line nr="607" mi="0" ci="2" mb="0" cb="0"/><line nr="613" mi="0" ci="19" mb="0" cb="0"/><line nr="675" mi="0" ci="4" mb="0" cb="2"/><line nr="676" mi="0" ci="2" mb="0" cb="0"/><line nr="677" mi="0" ci="4" mb="1" cb="1"/><line nr="678" mi="0" ci="2" mb="0" cb="0"/><line nr="680" mi="2" ci="0" mb="0" cb="0"/><line nr="688" mi="0" ci="3" mb="0" cb="0"/><line nr="690" mi="0" ci="4" mb="0" cb="0"/><line nr="691" mi="0" ci="4" mb="0" cb="0"/><line nr="692" mi="0" ci="4" mb="0" cb="0"/><line nr="693" mi="0" ci="4" mb="0" cb="0"/><line nr="694" mi="0" ci="4" mb="0" cb="0"/><line nr="700" mi="0" ci="3" mb="0" cb="0"/><line nr="702" mi="0" ci="4" mb="0" cb="0"/><line nr="703" mi="0" ci="4" mb="0" cb="0"/><line nr="704" mi="0" ci="4" mb="0" cb="0"/><line nr="705" mi="0" ci="4" mb="0" cb="0"/><line nr="706" mi="0" ci="4" mb="0" cb="0"/><line nr="707" mi="0" ci="4" mb="0" cb="0"/><line nr="708" mi="0" ci="4" mb="0" cb="0"/><line nr="709" mi="0" ci="4" mb="0" cb="0"/><line nr="710" mi="0" ci="4" mb="0" cb="0"/><line nr="711" mi="0" ci="4" mb="0" cb="0"/><line nr="712" mi="0" ci="4" mb="0" cb="0"/><line nr="713" mi="0" ci="4" mb="0" cb="0"/><line nr="714" mi="0" ci="4" mb="0" cb="0"/><line nr="715" mi="0" ci="4" mb="0" cb="0"/><line nr="716" mi="0" ci="4" mb="0" cb="0"/><line nr="717" mi="0" ci="4" mb="0" cb="0"/><line nr="718" mi="0" ci="4" mb="0" cb="0"/><line nr="719" mi="0" ci="4" mb="0" cb="0"/><line nr="720" mi="0" ci="4" mb="0" cb="0"/><line nr="721" mi="0" ci="4" mb="0" cb="0"/><line nr="722" mi="0" ci="4" mb="0" cb="0"/><line nr="723" mi="0" ci="4" mb="0" cb="0"/><line nr="724" mi="0" ci="4" mb="0" cb="0"/><line nr="730" mi="0" ci="3" mb="0" cb="0"/><line nr="732" mi="0" ci="4" mb="0" cb="0"/><line nr="733" mi="0" ci="4" mb="0" cb="0"/><line nr="734" mi="0" ci="4" mb="0" cb="0"/><line nr="735" mi="0" ci="4" mb="0" cb="0"/><line nr="736" mi="0" ci="4" mb="0" cb="0"/><line nr="737" mi="0" ci="4" mb="0" cb="0"/><line nr="738" mi="0" ci="4" mb="0" cb="0"/><line nr="739" mi="0" ci="4" mb="0" cb="0"/><line nr="740" mi="0" ci="4" mb="0" cb="0"/><line nr="741" mi="0" ci="4" mb="0" cb="0"/><line nr="742" mi="0" ci="4" mb="0" cb="0"/><line nr="743" mi="0" ci="4" mb="0" cb="0"/><line nr="744" mi="0" ci="4" mb="0" cb="0"/><line nr="745" mi="0" ci="4" mb="0" cb="0"/><line nr="746" mi="0" ci="4" mb="0" cb="0"/><line nr="747" mi="0" ci="4" mb="0" cb="0"/><line nr="748" mi="0" ci="4" mb="0" cb="0"/><line nr="749" mi="0" ci="4" mb="0" cb="0"/><line nr="750" mi="0" ci="4" mb="0" cb="0"/><line nr="751" mi="0" ci="4" mb="0" cb="0"/><line nr="752" mi="0" ci="4" mb="0" cb="0"/><line nr="753" mi="0" ci="4" mb="0" cb="0"/><line nr="759" mi="0" ci="3" mb="0" cb="0"/><line nr="761" mi="0" ci="4" mb="0" cb="0"/><line nr="762" mi="0" ci="4" mb="0" cb="0"/><line nr="763" mi="0" ci="4" mb="0" cb="0"/><line nr="764" mi="0" ci="4" mb="0" cb="0"/><line nr="765" mi="0" ci="4" mb="0" cb="0"/><line nr="766" mi="0" ci="4" mb="0" cb="0"/><line nr="767" mi="0" ci="4" mb="0" cb="0"/><line nr="768" mi="0" ci="4" mb="0" cb="0"/><line nr="769" mi="0" ci="4" mb="0" cb="0"/><line nr="770" mi="0" ci="4" mb="0" cb="0"/><line nr="771" mi="0" ci="4" mb="0" cb="0"/><line nr="772" mi="0" ci="4" mb="0" cb="0"/><line nr="773" mi="0" ci="4" mb="0" cb="0"/><line nr="808" mi="5" ci="0" mb="2" cb="0"/><line nr="809" mi="5" ci="0" mb="0" cb="0"/><line nr="811" mi="4" ci="0" mb="0" cb="0"/><line nr="814" mi="2" ci="0" mb="4" cb="0"/><line nr="816" mi="2" ci="0" mb="0" cb="0"/><line nr="817" mi="1" ci="0" mb="0" cb="0"/><line nr="819" mi="2" ci="0" mb="0" cb="0"/><line nr="820" mi="1" ci="0" mb="0" cb="0"/><line nr="822" mi="2" ci="0" mb="0" cb="0"/><line nr="823" mi="1" ci="0" mb="0" cb="0"/><line nr="826" mi="2" ci="0" mb="0" cb="0"/><line nr="829" mi="11" ci="0" mb="2" cb="0"/><line nr="830" mi="2" ci="0" mb="0" cb="0"/><line nr="831" mi="4" ci="0" mb="0" cb="0"/><line nr="832" mi="7" ci="0" mb="4" cb="0"/><line nr="833" mi="4" ci="0" mb="0" cb="0"/><line nr="834" mi="6" ci="0" mb="4" cb="0"/><line nr="835" mi="4" ci="0" mb="0" cb="0"/><line nr="836" mi="5" ci="0" mb="2" cb="0"/><line nr="837" mi="5" ci="0" mb="2" cb="0"/><line nr="838" mi="7" ci="0" mb="0" cb="0"/><line nr="839" mi="5" ci="0" mb="2" cb="0"/><line nr="840" mi="5" ci="0" mb="2" cb="0"/><line nr="841" mi="7" ci="0" mb="0" cb="0"/><line nr="844" mi="5" ci="0" mb="0" cb="0"/><line nr="846" mi="6" ci="0" mb="2" cb="0"/><line nr="847" mi="4" ci="0" mb="0" cb="0"/><line nr="849" mi="5" ci="0" mb="0" cb="0"/><line nr="851" mi="5" ci="0" mb="0" cb="0"/><line nr="852
[...]
" cb="0"/><line nr="957" mi="6" ci="0" mb="0" cb="0"/><line nr="958" mi="3" ci="0" mb="0" cb="0"/><line nr="960" mi="6" ci="0" mb="0" cb="0"/><line nr="962" mi="1" ci="0" mb="0" cb="0"/><line nr="972" mi="0" ci="5" mb="0" cb="0"/><line nr="988" mi="0" ci="2" mb="1" cb="1"/><line nr="989" mi="3" ci="0" mb="2" cb="0"/><line nr="990" mi="2" ci="0" mb="0" cb="0"/><line nr="994" mi="0" ci="3" mb="1" cb="1"/><line nr="995" mi="2" ci="0" mb="0" cb="0"/><line nr="996" mi="0" ci="4" mb="0" cb="0"/><line nr="997" mi="0" ci="4" mb="0" cb="0"/><line nr="1001" mi="0" ci="6" mb="0" cb="0"/><line nr="1003" mi="0" ci="4" mb="0" cb="0"/><line nr="1004" mi="0" ci="6" mb="0" cb="0"/><line nr="1006" mi="0" ci="2" mb="0" cb="0"/><line nr="1019" mi="0" ci="5" mb="1" cb="1"/><line nr="1020" mi="2" ci="0" mb="0" cb="0"/><line nr="1022" mi="0" ci="6" mb="0" cb="0"/><line nr="1035" mi="0" ci="5" mb="1" cb="1"/><line nr="1036" mi="2" ci="0" mb="0" cb="0"/><line nr="1038" mi="0" ci="6" mb="0" cb="0"/><line nr="1051" mi="0" ci="7" mb="0" cb="0"/><line nr="1053" mi="0" ci="1" mb="0" cb="0"/><line nr="1064" mi="2" ci="0" mb="0" cb="0"/><line nr="1067" mi="6" ci="0" mb="0" cb="0"/><line nr="1069" mi="2" ci="0" mb="2" cb="0"/><line nr="1070" mi="3" ci="0" mb="0" cb="0"/><line nr="1072" mi="2" ci="0" mb="0" cb="0"/><line nr="1084" mi="5" ci="0" mb="0" cb="0"/><line nr="1086" mi="1" ci="0" mb="0" cb="0"/><line nr="1100" mi="0" ci="4" mb="0" cb="0"/><line nr="1101" mi="0" ci="9" mb="1" cb="1"/><line nr="1102" mi="0" ci="5" mb="1" cb="1"/><line nr="1104" mi="2" ci="0" mb="0" cb="0"/><line nr="1109" mi="0" ci="10" mb="0" cb="0"/><line nr="1111" mi="0" ci="4" mb="0" cb="0"/><line nr="1124" mi="0" ci="15" mb="0" cb="0"/><line nr="1126" mi="0" ci="1" mb="0" cb="0"/><line nr="1137" mi="0" ci="15" mb="0" cb="0"/><line nr="1156" mi="0" ci="5" mb="1" cb="1"/><line nr="1157" mi="2" ci="0" mb="0" cb="0"/><line nr="1159" mi="0" ci="7" mb="1" cb="1"/><line nr="1161" mi="0" ci="5" mb="0" cb="0"/><line nr="1163" mi="0" ci="13" mb="1" cb="1"/><line nr="1164" mi="2" ci="0" mb="0" cb="0"/><line nr="1166" mi="0" ci="13" mb="0" cb="0"/><line nr="1168" mi="0" ci="4" mb="0" cb="0"/><line nr="1170" mi="0" ci="4" mb="0" cb="0"/><line nr="1174" mi="0" ci="4" mb="0" cb="0"/><line nr="1175" mi="0" ci="5" mb="0" cb="0"/><line nr="1177" mi="0" ci="5" mb="0" cb="0"/><line nr="1178" mi="0" ci="5" mb="0" cb="0"/><line nr="1180" mi="0" ci="2" mb="0" cb="0"/><line nr="1193" mi="0" ci="4" mb="0" cb="0"/><line nr="1196" mi="0" ci="9" mb="0" cb="2"/><line nr="1199" mi="0" ci="15" mb="0" cb="2"/><line nr="1200" mi="0" ci="7" mb="0" cb="0"/><line nr="1201" mi="0" ci="1" mb="0" cb="0"/><line nr="1205" mi="0" ci="2" mb="0" cb="0"/><line nr="1218" mi="0" ci="8" mb="2" cb="2"/><line nr="1219" mi="2" ci="0" mb="0" cb="0"/><line nr="1221" mi="0" ci="13" mb="0" cb="0"/><line nr="1234" mi="0" ci="8" mb="2" cb="2"/><line nr="1235" mi="2" ci="0" mb="0" cb="0"/><line nr="1237" mi="0" ci="4" mb="1" cb="1"/><line nr="1238" mi="2" ci="0" mb="0" cb="0"/><line nr="1240" mi="0" ci="13" mb="0" cb="0"/><line nr="1242" mi="0" ci="2" mb="0" cb="0"/><line nr="1255" mi="0" ci="8" mb="2" cb="2"/><line nr="1256" mi="2" ci="0" mb="0" cb="0"/><line nr="1258" mi="0" ci="12" mb="1" cb="1"/><line nr="1259" mi="2" ci="0" mb="0" cb="0"/><line nr="1261" mi="0" ci="12" mb="0" cb="0"/><line nr="1263" mi="0" ci="2" mb="0" cb="0"/><line nr="1274" mi="0" ci="3" mb="0" cb="0"/><line nr="1284" mi="6" ci="0" mb="0" cb="0"/><line nr="1286" mi="1" ci="0" mb="0" cb="0"/><line nr="1295" mi="0" ci="3" mb="0" cb="0"/><line nr="1306" mi="3" ci="0" mb="0" cb="0"/><line nr="1317" mi="0" ci="3" mb="0" cb="0"/><line nr="1328" mi="4" ci="0" mb="0" cb="0"/><line nr="1341" mi="6" ci="0" mb="4" cb="0"/><line nr="1342" mi="2" ci="0" mb="0" cb="0"/><line nr="1344" mi="4" ci="0" mb="0" cb="0"/><line nr="1346" mi="12" ci="0" mb="2" cb="0"/><line nr="1348" mi="4" ci="0" mb="2" cb="0"/><line nr="1350" mi="1" ci="0" mb="0" cb="0"/><line nr="1353" mi="14" ci="0" mb="2" cb="0"/><line nr="1354" mi="4" ci="0" mb="0" cb="0"/><line nr="1355" mi="1" ci="0" mb="0" cb="0"/><line nr="1356" mi="1" ci="0" mb="0" cb="0"/><line nr="1358" mi="2" ci="0" mb="0" cb="0"/><line nr="1371" mi="0" ci="2" mb="1" cb="1"/><line nr="1372" mi="2" ci="0" mb="0" cb="0"/><line nr="1375" mi="0" ci="7" mb="1" cb="1"/><line nr="1377" mi="2" ci="0" mb="0" cb="0"/><line nr="1380" mi="0" ci="11" mb="0" cb="0"/><line nr="1381" mi="0" ci="2" mb="0" cb="0"/><line nr="1392" mi="6" ci="0" mb="2" cb="0"/><line nr="1395" mi="2" ci="0" mb="0" cb="0"/><line nr="1398" mi="10" ci="0" mb="2" cb="0"/><line nr="1399" mi="2" ci="0" mb="0" cb="0"/><line nr="1401" mi="2" ci="0" mb="0" cb="0"/><line nr="1412" mi="6" ci="0" mb="2" cb="0"/><line nr="1415" mi="2" ci="0" mb="0" cb="0"/><line nr="1418" mi="8" ci="0" mb="0" cb="0"/><line nr="1419" mi="6" ci="0" mb="2" cb="0"/><line nr="1420" mi="2" ci="0" mb="0" cb="0"/><line nr="1422" mi="2" ci="0" mb="0" cb="0"/><line nr="1432" mi="0" ci="2" mb="0" cb="0"/><line nr="1434" mi="0" ci="7" mb="2" cb="2"/><line nr="1436" mi="12" ci="4" mb="7" cb="1"/><line nr="1438" mi="0" ci="2" mb="0" cb="0"/><line nr="1440" mi="0" ci="16" mb="4" cb="4"/><line nr="1442" mi="2" ci="0" mb="0" cb="0"/><line nr="1446" mi="0" ci="2" mb="0" cb="0"/><counter type="INSTRUCTION" missed="544" covered="1098"/><counter type="BRANCH" missed="121" covered="67"/><counter type="LINE" missed="138" covered="229"/><counter type="COMPLEXITY" missed="106" covered="60"/><counter type="METHOD" missed="19" covered="53"/><counter type="CLASS" missed="0" covered="1"/></sourcefile><sourcefile name="GroupOSCOREInputMaterialObjectParameters.java"><line nr="41" mi="3" ci="0" mb="0" cb="0"/><line nr="94" mi="56" ci="0" mb="0" cb="0"/><counter type="INSTRUCTION" missed="59" covered="0"/><counter type="LINE" missed="2" covered="0"/><counter type="COMPLEXITY" missed="2" covered="0"/><counter type="METHOD" missed="2" covered="0"/><counter type="CLASS" missed="1" covered="0"/></sourcefile><sourcefile name="OSCOREInputMaterialObjectParameters.java"><line nr="49" mi="3" ci="0" mb="0" cb="0"/><line nr="89" mi="32" ci="0" mb="0" cb="0"/><line nr="101" mi="5" ci="0" mb="2" cb="0"/><line nr="102" mi="5" ci="0" mb="0" cb="0"/><line nr="104" mi="4" ci="0" mb="0" cb="0"/><line nr="105" mi="11" ci="0" mb="2" cb="0"/><line nr="106" mi="5" ci="0" mb="2" cb="0"/><line nr="107" mi="8" ci="0" mb="0" cb="0"/><line nr="108" mi="5" ci="0" mb="0" cb="0"/><line nr="110" mi="10" ci="0" mb="0" cb="0"/><line nr="111" mi="1" ci="0" mb="0" cb="0"/><line nr="112" mi="2" ci="0" mb="0" cb="0"/><line nr="122" mi="2" ci="0" mb="0" cb="0"/><line nr="123" mi="11" ci="0" mb="2" cb="0"/><line nr="124" mi="7" ci="0" mb="0" cb="0"/><line nr="125" mi="1" ci="0" mb="0" cb="0"/><line nr="126" mi="2" ci="0" mb="0" cb="0"/><counter type="INSTRUCTION" missed="114" covered="0"/><counter type="BRANCH" missed="8" covered="0"/><counter type="LINE" missed="17" covered="0"/><counter type="COMPLEXITY" missed="8" covered="0"/><counter type="METHOD" missed="4" covered="0"/><counter type="CLASS" missed="1" covered="0"/></sourcefile><counter type="INSTRUCTION" missed="756" covered="1098"/><counter type="BRANCH" missed="129" covered="67"/><counter type="LINE" missed="168" covered="229"/><counter type="COMPLEXITY" missed="123" covered="60"/><counter type="METHOD" missed="32" covered="53"/><counter type="CLASS" missed="4" covered="1"/></package><package name="se/sics/ace/coap/rs/dtlsProfile"><class name="se/sics/ace/coap/rs/dtlsProfile/DtlspPskStore" sourcefilename="DtlspPskStore.java"><method name="&lt;init&gt;" desc="(Lse/sics/ace/rs/AuthzInfo;)V" line="90"><counter type="INSTRUCTION" missed="0" covered="6"/><counter type="LINE" missed="0" covered="3"/><counter type="COMPLEXITY" missed="0" covered="1"/><counter type="METHOD" missed="0" covered="1"/></method><method name="requestPskSecretResult" desc="(Lorg/eclipse/californium/scandium/dtls/ConnectionId;Lorg/eclipse/californium/scandium/util/ServerNames;Lorg/eclipse/californium/scandium/dtls/PskPublicInformation;Ljava/lang/String;Ljavax/crypto/SecretKey;[BZ)Lorg/eclipse/californium/scandium/dtls/PskSecretResult;" line="98"><counter type="INSTRUCTION" missed="0" covered="9"/><counter type="LINE" missed="0" covered="1"/><counter type="COMPLEXITY" missed="0" covered="1"/><counter type="METHOD" missed="0" covered="1"/></method><method name="getKey" desc="(Lorg/eclipse/californium/scandium/dtls/PskPublicInformation;)Ljavax/crypto/SecretKey;" line="108"><counter type="INSTRUCTION" missed="0" covered="6"/><counter type="LINE" missed="0" covered="1"/><counter type="COMPLEXITY" missed="0" covered="1"/><counter type="METHOD" missed="0" covered="1"/></method><method name="getKey" desc="([BLorg/eclipse/californium/scandium/dtls/PskPublicInformation;)Ljavax/crypto/SecretKey;" line="120"><counter type="INSTRUCTION" missed="52" covered="170"/><counter type="BRANCH" missed="12" covered="18"/><counter type="LINE" missed="14" covered="43"/><counter type="COMPLEXITY" missed="12" covered="4"/><counter type="METHOD" missed="0" covered="1"/></method><method name="getIdentity" desc="(Ljava/net/InetSocketAddress;Lorg/eclipse/californium/scandium/util/ServerNames;)Lorg/eclipse/californium/scandium/dtls/PskPublicInformation;" line="230"><counter type="INSTRUCTION" missed="2" covered="0"/><counter type="LINE" missed="1" covered="0"/><counter type="COMPLEXITY" missed="1" covered="0"/><counter type="METHOD" missed="1" covered="0"/></method><method name="hasEcdhePskSupported" desc="()Z" line="236"><counter type="INSTRUCTION" missed="0" covered="2"/><counter type="LINE" missed="0" covered="1"/><counter type="COMPLEXITY" missed="0" covered="1"/><counter type="METHOD" missed="0" covered="1"/></method><method name="setResultHandler" desc="(Lorg/eclipse/californium/scandium/dtls/HandshakeResultHandler;)V" line="243"><counter type="INSTRUCTION" missed="0" covered="1"/><counter type="LINE" missed="0" covered="1"/><counter type="COMPLEXITY" missed="0" covered="1"/><counter type="METHOD" missed="0" covered="1"/></method><method name="&lt;clinit&gt;" desc="()V" line="75"><counter type="INSTRUCTION" missed="0" covered="5"/><counter type="LINE" missed="0" covered="2"/><counter type="COMPLEXITY" missed="0" covered="1"/><counter type="METHOD" missed="0" covered="1"/></method><counter type="INSTRUCTION" missed="54" covered="199"/><counter type="BRANCH" missed="12" covered="18"/><counter type="LINE" missed="15" covered="52"/><counter type="COMPLEXITY" missed="13" covered="10"/><counter type="METHOD" missed="1" covered="7"/><counter type="CLASS" missed="0" covered="1"/></class><class name="se/sics/ace/coap/rs/dtlsProfile/DtlspIntrospection" sourcefilename="DtlspIntrospection.java"><method name="&lt;init&gt;" desc="(LCOSE/OneKey;Ljava/lang/String;)V" line="92"><counter type="INSTRUCTION" missed="0" covered="99"/><counter type="LINE" missed="0" covered="23"/><counter type="COMPLEXITY" missed="0" covered="1"/><counter type="METHOD" missed="0" covered="1"/></method><method name="&lt;init&gt;" desc="([BLjava/lang/String;Ljava/lang/String;Ljava/lang/String;Ljava/lang/String;Ljava/lang/String;)V" line="92"><counter type="INSTRUCTION" missed="0" covered="153"/><counter type="LINE" missed="0" covered="31"/><counter type="COMPLEXITY" missed="0" covered="1"/><counter type="METHOD" missed="0" covered="1"/></method><method name="getParams" desc="([B)Ljava/util/Map;" line="213"><counter type="INSTRUCTION" missed="41" covered="55"/><counter type="BRANCH" missed="4" covered="2"/><counter type="LINE" missed="8" covered="12"/><counter type="COMPLEXITY" missed="3" covered="1"/><counter type="METHOD" missed="0" covered="1"/></method><method name="&lt;clinit&gt;" desc="()V" line="86"><counter type="INSTRUCTION" missed="0" covered="13"/><counter type="LINE" missed="0" covered="6"/><counter type="COMPLEXITY" missed="0" covered="1"/><counter type="METHOD" missed="0" covered="1"/></method><counter type="INSTRUCTION" missed="41" covered="320"/><counter type="BRANCH" missed="4" covered="2"/><counter type="LINE" missed="8" covered="71"/><counter type="COMPLEXITY" missed="3" covered="4"/><counter type="METHOD" missed="0" covered="4"/><counter type="CLASS" missed="0" covered="1"/></class><sourcefile name="DtlspIntrospection.java"><line nr="86" mi="0" ci="1" mb="0" cb="0"/><line nr="87" mi="0" ci="3" mb="0" cb="0"/><line nr="92" mi="0" ci="6" mb="0" cb="0"/><line nr="96" mi="0" ci="2" mb="0" cb="0"/><line nr="97" mi="0" ci="2" mb="0" cb="0"/><line nr="98" mi="0" ci="2" mb="0" cb="0"/><line nr="99" mi="0" ci="3" mb="0" cb="0"/><line nr="113" mi="0" ci="2" mb="0" cb="0"/><line nr="115" mi="0" ci="2" mb="0" cb="0"/><line nr="116" mi="0" ci="6" mb="0" cb="0"/><line nr="118" mi="0" ci="8" mb="0" cb="0"/><line nr="119" mi="0" ci="2" mb="0" cb="0"/><line nr="120" mi="0" ci="6" mb="0" cb="0"/><line nr="121" mi="0" ci="4" mb="0" cb="0"/><line nr="123" mi="0" ci="4" mb="0" cb="0"/><line nr="124" mi="0" ci="4" mb="0" cb="0"/><line nr="125" mi="0" ci="4" mb="0" cb="0"/><line nr="126" mi="0" ci="9" mb="0" cb="0"/><line nr="128" mi="0" ci="4" mb="0" cb="0"/><line nr="130" mi="0" ci="6" mb="0" cb="0"/><line nr="131" mi="0" ci="4" mb="0" cb="0"/><line nr="132" mi="0" ci="1" mb="0" cb="0"/><line nr="133" mi="0" ci="2" mb="0" cb="0"/><line nr="134" mi="0" ci="2" mb="0" cb="0"/><line nr="135" mi="0" ci="12" mb="0" cb="0"/><line nr="137" mi="0" ci="6" mb="0" cb="0"/><line nr="138" mi="0" ci="5" mb="0" cb="0"/><line nr="139" mi="0" ci="2" mb="0" cb="0"/><line nr="140" mi="0" ci="1" mb="0" cb="0"/><line nr="165" mi="0" ci="2" mb="0" cb="0"/><line nr="167" mi="0" ci="2" mb="0" cb="0"/><line nr="168" mi="0" ci="15" mb="0" cb="0"/><line nr="169" mi="0" ci="6" mb="0" cb="0"/><line nr="171" mi="0" ci="8" mb="0" cb="0"/><line nr="172" mi="0" ci="2" mb="0" cb="0"/><line nr="173" mi="0" ci="7" mb="0" cb="0"/><line nr="175" mi="0" ci="4" mb="0" cb="0"/><line nr="178" mi="0" ci="2" mb="0" cb="0"/><line nr="179" mi="0" ci="7" mb="0" cb="0"/><line nr="180" mi="0" ci="5" mb="0" cb="0"/><line nr="181" mi="0" ci="7" mb="0" cb="0"/><line nr="182" mi="0" ci="7" mb="0" cb="0"/><line nr="184" mi="0" ci="6" mb="0" cb="0"/><line nr="185" mi="0" ci="4" mb="0" cb="0"/><line nr="187" mi="0" ci="4" mb="0" cb="0"/><line nr="188" mi="0" ci="4" mb="0" cb="0"/><line nr="189" mi="0" ci="4" mb="0" cb="0"/><line nr="190" mi="0" ci="9" mb="0" cb="0"/><line nr="194" mi="0" ci="4" mb="0" cb="0"/><line nr="197" mi="0" ci="6" mb="0" cb="0"/><line nr="199" mi="0" ci="4" mb="0" cb="0"/><line nr="200" mi="0" ci="1" mb="0" cb="0"/><line nr="201" mi="0" ci="2" mb="0" cb="0"/><line nr="202" mi="0" ci="2" mb="0" cb="0"/><line nr="203" mi="0" ci="12" mb="0" cb="0"/><line nr="205" mi="0" ci="6" mb="0" cb="0"/><line nr="206" mi="0" ci="5" mb="0" cb="0"/><line nr="207" mi="0" ci="2" mb="0" cb="0"/><line nr="208" mi="0" ci="1" mb="0" cb="0"/><line nr="213" mi="0" ci="10" mb="0" cb="0"/><line nr="214" mi="0" ci="4" mb="0" cb="0"/><line nr="215" mi="0" ci="9" mb="0" cb="0"/><line nr="216" mi="0" ci="7" mb="0" cb="0"/><line nr="219" mi="0" ci="5" mb="0" cb="0"/><line nr="220" mi="0" ci="3" mb="0" cb="0"/><line nr="222" mi="1" ci="0" mb="0" cb="0"/><line nr="223" mi="13" ci="0" mb="0" cb="0"/><line nr="224" mi="0" ci="1" mb="0" cb="0"/><line nr="225" mi="0" ci="2" mb="1" cb="1"/><line nr="226" mi="5" ci="0" mb="0" cb="0"/><line nr="228" mi="0" ci="5" mb="1" cb="1"/><line nr="230" mi="3" ci="0" mb="2" cb="0"/><line nr="231" mi="8" ci="0" mb="0" cb="0"/><line nr="234" mi="6" ci="0" mb="0" cb="0"/><line nr="235" mi="1" ci="0" mb="0" cb="0"/><line nr="236" mi="4" ci="0" mb="0" cb="0"/><line nr="238" mi="0" ci="4" mb="0" cb="0"/><line nr="239" mi="0" ci="3" mb="0" cb="0"/><line nr="240" mi="0" ci="2" mb="0" cb="0"/><counter type="INSTRUCTION" missed="41" covered="320"/><counter type="BRANCH" missed="4" covered="2"/><counter type="LINE" missed="8" covered="71"/><counter type="COMPLEXITY" missed="3" covered="4"/><counter type="METHOD" missed="0" covered="4"/><counter type="CLASS" missed="0" covered="1"/></sourcefile><sourcefile name="DtlspPskStore.java"><line nr="75" mi="0" ci="2" mb="0" cb="0"/><line nr="76" mi="0" ci="3" mb="0" cb="0"/><line nr="90" mi="0" ci="2" mb="0" cb="0"/><line nr="91" mi="0" ci="3" mb="0" cb="0"/><line nr="92" mi="0" ci="1" mb="0" cb="0"/><line nr="98" mi="0" ci="9" mb="0" cb="0"/><line nr="108" mi="0" ci="6" mb="0" cb="0"/><line nr="120" mi="0" ci="2" mb="1" cb="1"/><line nr="121" mi="3" ci="0" mb="0" cb="0"/><line nr="122" mi="2" ci="0" mb="0" cb="0"/><line nr="125" mi="0" ci="2" mb="0" cb="0"/><line nr="131" mi="0" ci="3" mb="0" cb="0"/><line nr="132" mi="0" ci="1" mb="0" cb="0"/><line nr="133" mi="0" ci="11" mb="0" cb="0"/><line nr="134" mi="0" ci="2" mb="0" cb="0"/><line nr="135" mi="0" ci="1" mb="0" cb="0"/><line nr="137" mi="0" ci="7" mb="1" cb="3"/><line nr="138" mi="0" ci="3" mb="1" cb="1"/><line nr="140" mi="0" ci="4" mb="0" cb="0"/><line nr="141" mi="0" ci="10" mb="3" cb="3"/><line nr="143" mi="0" ci="4" mb="0" cb="0"/><line nr="144" mi="0" ci="7" mb="2" cb="2"/><line nr="145" mi="0" ci="3" mb="1" cb="1"/><line nr="147" mi="0" ci="2" mb="0" cb="0"/><line nr="148" mi="0" ci="7" mb="1" cb="1"/><line nr="149" mi="0" ci="4" mb="1" cb="1"/><line nr="151" mi="0" ci="6" mb="0" cb="0"/><line nr="153" mi="0" ci="4" mb="0" cb="0"/><line nr="154" mi="0" ci="4" mb="0" cb="0"/><line nr="158" mi="0" ci="3" mb="0" cb="0"/><line nr="168" mi="0" ci="2" mb="0" cb="2"/><line nr="169" mi="0" ci="9" mb="0" cb="0"/><line nr="171" mi="1" ci="0" mb="0" cb="0"/><line nr="172" mi="11" ci="0" mb="0" cb="0"/><line nr="173" mi="2" ci="0" mb="0" cb="0"/><line nr="174" mi="0" ci="1" mb="0" cb="0"/><line nr="177" mi="0" ci="2" mb="0" cb="0"/><line nr="179" mi="0" ci="3" mb="0" cb="0"/><line nr="180" mi="1" ci="0" mb="0" cb="0"/><line nr="181" mi="8" ci="0" mb="0" cb="0"/><line nr="182" mi="3" ci="0" mb="0" cb="0"/><line nr="183" mi="2" ci="0" mb="0" cb="0"/><line nr="184" mi="0" ci="1" mb="0" cb="0"/><line nr="190" mi="0" ci="4" mb="0" cb="0"/><line nr="191" mi="0" ci="8" mb="0" cb="0"/><line nr="194" mi="0" ci="3" mb="0" cb="0"/><line nr="195" mi="0" ci="3" mb="0" cb="0"/><line nr="196" mi="0" ci="4" mb="0" cb="2"/><line nr="197" mi="0" ci="4" mb="0" cb="0"/><line nr="198" mi="0" ci="5" mb="1" cb="1"/><line nr="199" mi="3" ci="0" mb="0" cb="0"/><line nr="200" mi="2" ci="0" mb="0" cb="0"/><line nr="204" mi="0" ci="5" mb="0" cb="0"/><line nr="205" mi="0" ci="4" mb="0" cb="0"/><line nr="206" mi="0" ci="1" mb="0" cb="0"/><line nr="211" mi="0" ci="3" mb="0" cb="0"/><line nr="213" mi="0" ci="4" mb="0" cb="0"/><line nr="214" mi="0" ci="5" mb="0" cb="0"/><line nr="215" mi="0" ci="4" mb="0" cb="0"/><line nr="216" mi="1" ci="0" mb="0" cb="0"/><line nr="217" mi="11" ci="0" mb="0" cb="0"/><line nr="218" mi="2" ci="0" mb="0" cb="0"/><line nr="221" mi="0" ci="3" mb="0" cb="0"/><line nr="222" mi="0" ci="2" mb="0" cb="0"/><line nr="230" mi="2" ci="0" mb="0" cb="0"/><line nr="236" mi="0" ci="2" mb="0" cb="0"/><line nr="243" mi="0" ci="1" mb="0" cb="0"/><counter type="INSTRUCTION" missed="54" covered="199"/><counter type="BRANCH" missed="12" covered="18"/><counter type="LINE" missed="15" covered="52"/><counter type="COMPLEXITY" missed="13" covered="10"/><counter type="METHOD" missed="1" covered="7"/><counter type="CLASS" missed="0" covered="1"/></sourcefile><counter type="INSTRUCTION" missed="95" covered="519"/><counter type="BRANCH" missed="16" covered="20"/><counter type="LINE" missed="23" covered="123"/><counter type="COMPLEXITY" missed="16" covered="14"/><counter type="METHOD" missed="1" covered="11"/><counter type="CLASS" missed="0" covered="2"/></package><counter type="INSTRUCTION" missed="19075" covered="29815"/><counter type="BRANCH" missed="2088" covered="2229"/><counter type="LINE" missed="4388" covered="6867"/><counter type="COMPLEXITY" missed="1950" covered="1197"/><counter type="METHOD" missed="328" covered="639"/><counter type="CLASS" missed="20" covered="92"/></report>